DEBUG: 2021/05/11 20:20:46.821784 main.go:58: Starting FhaaS
DEBUG: 2021/05/11 20:21:56.576422 helpers.go:39: Ctrl+C pressed in Terminal
DEBUG: 2021/05/11 20:21:56.576422 helpers.go:40: Stopping FhaaS
DEBUG: 2021/05/11 20:22:01.168709 main.go:58: Starting FhaaS
DEBUG: 2021/05/11 20:22:09.175724 helpers.go:39: Ctrl+C pressed in Terminal
DEBUG: 2021/05/11 20:22:09.175802 helpers.go:40: Stopping FhaaS
DEBUG: 2021/05/11 20:27:20.756499 main.go:58: Starting FhaaS
WARN: 2021/05/11 20:27:20.756499 main.go:63: Flag authurl not set. Application will use FHAAS_AUTH_URL environment variable
DEBUG: 2021/05/11 20:27:54.910368 helpers.go:39: Ctrl+C pressed in Terminal
DEBUG: 2021/05/11 20:27:54.912099 helpers.go:40: Stopping FhaaS
DEBUG: 2021/05/11 20:30:44.660848 main.go:58: Starting FhaaS
WARN: 2021/05/11 20:30:44.660848 main.go:63: Flag authurl not set. Application will use FHAAS_AUTH_URL environment variable (will be checked in every request). If not set, will use X-Fhaas-Auth-Url header of request
DEBUG: 2021/05/11 20:31:07.992846 helpers.go:39: Ctrl+C pressed in Terminal
DEBUG: 2021/05/11 20:31:07.993435 helpers.go:40: Stopping FhaaS
DEBUG: 2021/05/11 20:31:59.220723 main.go:58: Starting FhaaS
WARN: 2021/05/11 20:31:59.220723 main.go:63: Flag authurl not set. Application will use FHAAS_AUTH_URL environment variable (will be checked in every request). If not set, will use X-Fhaas-Auth-Url header of request. This may be potentially dangerous since any url able to authorize operation can be used
DEBUG: 2021/05/11 20:33:16.875784 decorators.go:38: Request 57d369fa-43c0-41a2-af6e-5351b488258a - Auth URL used for this request: 
DEBUG: 2021/05/11 20:34:31.903985 decorators.go:38: Request aa63890d-a4b0-492d-86e5-a60c8eb675e7 - Auth URL used for this request: 
WARN: 2021/05/11 20:34:31.931092 decorators.go:25: Request aa63890d-a4b0-492d-86e5-a60c8eb675e7 - FhaaS received a request that was not authorized. It may be a token/url mistake but also may have came from an undesired/malicious requester. We suggest you to check your FhaaS network entrypoints
ERROR: 2021/05/11 20:34:31.931092 decorators.go:26: Request aa63890d-a4b0-492d-86e5-a60c8eb675e7 - This request was not authorized by endpoint http://localhost:7000
DEBUG: 2021/05/11 20:35:32.714909 helpers.go:39: Ctrl+C pressed in Terminal
DEBUG: 2021/05/11 20:35:32.714909 helpers.go:40: Stopping FhaaS
DEBUG: 2021/05/11 20:38:46.678388 main.go:58: Starting FhaaS
WARN: 2021/05/11 20:38:46.678388 main.go:63: Flag authurl not set. Application will use FHAAS_AUTH_URL environment variable (will be checked in every request). If not set, will use X-Fhaas-Auth-Url header of request. This may be potentially dangerous since any url able to authorize operation can be used
DEBUG: 2021/05/11 20:38:51.075758 decorators.go:39: Request 818d4306-845e-4464-85b0-39721e17b460 - Auth URL used for this request: 
WARN: 2021/05/11 20:38:51.127187 decorators.go:25: Request 818d4306-845e-4464-85b0-39721e17b460 - FhaaS received a request that was not authorized. It may be a token/url mistake but also may have came from an undesired/malicious requester. We suggest you to check your FhaaS network entrypoints
ERROR: 2021/05/11 20:38:51.127187 decorators.go:26: Request 818d4306-845e-4464-85b0-39721e17b460 - This request was not authorized by endpoint http://localhost:7000
DEBUG: 2021/05/11 20:38:51.127713 decorators.go:50: Request 818d4306-845e-4464-85b0-39721e17b460 - Authorization response: {"message": "non-authorized"}
DEBUG: 2021/05/11 20:39:48.940506 helpers.go:39: Ctrl+C pressed in Terminal
DEBUG: 2021/05/11 20:39:48.941013 helpers.go:40: Stopping FhaaS
DEBUG: 2021/05/11 20:39:51.837088 main.go:58: Starting FhaaS
WARN: 2021/05/11 20:39:51.837088 main.go:63: Flag authurl not set. Application will use FHAAS_AUTH_URL environment variable (will be checked in every request). If not set, will use X-Fhaas-Auth-Url header of request. This may be potentially dangerous since any url able to authorize operation can be used
DEBUG: 2021/05/11 20:39:58.720231 decorators.go:39: Request 6b2cfbef-611e-45b8-8d66-1b2aa81ee46a - Auth URL used for this request: 
WARN: 2021/05/11 20:39:58.751850 decorators.go:25: Request 6b2cfbef-611e-45b8-8d66-1b2aa81ee46a - FhaaS received a request that was not authorized. It may be a token/url mistake but also may have came from an undesired/malicious requester. We suggest you to check your FhaaS network entrypoints
ERROR: 2021/05/11 20:39:58.751850 decorators.go:26: Request 6b2cfbef-611e-45b8-8d66-1b2aa81ee46a - This request was not authorized by endpoint http://localhost:7000
DEBUG: 2021/05/11 20:39:58.752853 decorators.go:50: Request 6b2cfbef-611e-45b8-8d66-1b2aa81ee46a - Authorization response: {"message": "non-authorized"}
DEBUG: 2021/05/11 20:39:58.752853 decorators.go:51: Request 6b2cfbef-611e-45b8-8d66-1b2aa81ee46a - Authorization response code: 401
DEBUG: 2021/05/11 20:42:09.607749 helpers.go:39: Ctrl+C pressed in Terminal
DEBUG: 2021/05/11 20:42:09.607749 helpers.go:40: Stopping FhaaS
DEBUG: 2021/05/11 20:43:43.432871 main.go:58: Starting FhaaS
WARN: 2021/05/11 20:43:43.432871 main.go:63: Flag authurl not set. Application will use FHAAS_AUTH_URL environment variable (will be checked in every request). If not set, will use X-Fhaas-Auth-Url header of request. This may be potentially dangerous since any url able to authorize operation can be used
DEBUG: 2021/05/11 20:43:47.528539 decorators.go:38: Request 879651f4-716f-4a7b-a985-6f0ac7d76b78 - Auth URL used for this request: http://localhost:7000
WARN: 2021/05/11 20:43:47.573187 decorators.go:48: Request 879651f4-716f-4a7b-a985-6f0ac7d76b78 - FhaaS received a request that was not authorized. It may be a token/url mistake but also may have came from an undesired/malicious requester. We suggest you to check your FhaaS network entrypoints
ERROR: 2021/05/11 20:43:47.573201 decorators.go:49: Request 879651f4-716f-4a7b-a985-6f0ac7d76b78 - This request was not authorized by endpoint http://localhost:7000
DEBUG: 2021/05/11 20:43:47.573428 decorators.go:50: Request 879651f4-716f-4a7b-a985-6f0ac7d76b78 - Authorization response: {"message": "non-authorized"}
DEBUG: 2021/05/11 20:43:47.573428 decorators.go:51: Request 879651f4-716f-4a7b-a985-6f0ac7d76b78 - Authorization response code: 401
DEBUG: 2021/05/11 20:45:02.100533 helpers.go:39: Ctrl+C pressed in Terminal
DEBUG: 2021/05/11 20:45:02.100533 helpers.go:40: Stopping FhaaS
DEBUG: 2021/05/11 20:54:28.279109 main.go:59: Starting FhaaS
WARN: 2021/05/11 20:54:28.279109 set_flags.go:15: Flag authurl not set. Application will use FHAAS_AUTH_URL environment variable (will be checked in every request). If not set, will use X-Fhaas-Auth-Url header of request. This may be potentially dangerous since any url able to authorize operation can be used
DEBUG: 2021/05/11 20:54:29.087683 helpers.go:39: Ctrl+C pressed in Terminal
DEBUG: 2021/05/11 20:54:29.087683 helpers.go:40: Stopping FhaaS
DEBUG: 2021/05/11 20:57:28.872213 main.go:59: Starting FhaaS
WARN: 2021/05/11 20:57:28.872213 set_flags.go:15: Flag authurl not set. Application will use FHAAS_AUTH_URL environment variable (will be checked in every request). If not set, will use X-Fhaas-Auth-Url header of request. This may be potentially dangerous since any url able to authorize operation can be used
DEBUG: 2021/05/11 20:57:28.872213 set_flags.go:28: logtokens is set to false.
DEBUG: 2021/05/11 20:58:05.198685 helpers.go:39: Ctrl+C pressed in Terminal
DEBUG: 2021/05/11 20:58:05.198685 helpers.go:40: Stopping FhaaS
DEBUG: 2021/05/11 20:58:11.844103 main.go:59: Starting FhaaS
DEBUG: 2021/05/11 20:59:00.941439 main.go:59: Starting FhaaS
DEBUG: 2021/05/11 20:59:55.666759 main.go:59: Starting FhaaS
DEBUG: 2021/05/11 21:06:56.318513 main.go:59: Starting FhaaS
WARN: 2021/05/11 21:06:56.319021 set_flags.go:15: Flag authurl not set. Application will use FHAAS_AUTH_URL environment variable (will be checked in every request). If not set, will use X-Fhaas-Auth-Url header of request. This may be potentially dangerous since any url able to authorize operation can be used
DEBUG: 2021/05/11 21:06:56.319153 set_flags.go:27: Invalid value for logtokens. Will be set to false.
DEBUG: 2021/05/11 21:07:31.525487 helpers.go:39: Ctrl+C pressed in Terminal
DEBUG: 2021/05/11 21:07:31.525487 helpers.go:40: Stopping FhaaS
DEBUG: 2021/05/11 21:08:21.686384 main.go:59: Starting FhaaS
DEBUG: 2021/05/11 21:11:03.067179 main.go:59: Starting FhaaS
WARN: 2021/05/11 21:11:03.067179 set_flags.go:15: Flag authurl not set. Application will use FHAAS_AUTH_URL environment variable (will be checked in every request). If not set, will use X-Fhaas-Auth-Url header of request. This may be potentially dangerous since any url able to authorize operation can be used
DEBUG: 2021/05/11 21:11:03.067179 set_flags.go:27: Invalid value for logtokens. Will be set to false.
DEBUG: 2021/05/11 21:11:24.890617 helpers.go:39: Ctrl+C pressed in Terminal
DEBUG: 2021/05/11 21:11:24.891148 helpers.go:40: Stopping FhaaS
DEBUG: 2021/05/11 21:11:38.909273 main.go:59: Starting FhaaS
DEBUG: 2021/05/11 21:12:19.506083 main.go:59: Starting FhaaS
WARN: 2021/05/11 21:12:19.506083 set_flags.go:15: Flag authurl not set. Application will use FHAAS_AUTH_URL environment variable (will be checked in every request). If not set, will use X-Fhaas-Auth-Url header of request. This may be potentially dangerous since any url able to authorize operation can be used
DEBUG: 2021/05/11 21:12:19.506083 set_flags.go:27: Invalid value for logtokens. Will be set to false.
DEBUG: 2021/05/11 21:12:34.788089 helpers.go:39: Ctrl+C pressed in Terminal
DEBUG: 2021/05/11 21:12:34.788089 helpers.go:40: Stopping FhaaS
DEBUG: 2021/05/11 21:16:53.117038 main.go:59: Starting FhaaS
DEBUG: 2021/05/11 21:16:53.117038 set_flags.go:27: Invalid value for logtokens. Will be set to false.
DEBUG: 2021/05/11 21:17:08.710764 helpers.go:39: Ctrl+C pressed in Terminal
DEBUG: 2021/05/11 21:17:08.710803 helpers.go:40: Stopping FhaaS
DEBUG: 2021/05/11 21:22:34.851908 main.go:59: Starting FhaaS
DEBUG: 2021/05/11 21:22:34.852067 set_flags.go:15: Using http://localhost:8080/self_auth as url for authorization.
DEBUG: 2021/05/11 21:22:34.852067 set_flags.go:21: logtokens is set to true.
WARN: 2021/05/11 21:22:34.852067 set_flags.go:22: logtokens is set to true. Though it is useful to verify authorization fails it exposes "credential-like" informations on logs.
DEBUG: 2021/05/11 21:23:05.753141 helpers.go:39: Ctrl+C pressed in Terminal
DEBUG: 2021/05/11 21:23:05.753732 helpers.go:40: Stopping FhaaS
DEBUG: 2021/05/11 21:23:29.481271 main.go:59: Starting FhaaS
WARN: 2021/05/11 21:23:29.481271 set_flags.go:13: Flag authurl not set. Application will use FHAAS_AUTH_URL environment variable (will be checked in every request). If not set, will use X-Fhaas-Auth-Url header of request. This may be potentially dangerous since any url able to authorize operation can be used
DEBUG: 2021/05/11 21:23:29.481271 set_flags.go:25: logtokens is set to false.
DEBUG: 2021/05/11 21:24:08.318991 helpers.go:39: Ctrl+C pressed in Terminal
DEBUG: 2021/05/11 21:24:08.318991 helpers.go:40: Stopping FhaaS
DEBUG: 2021/05/11 21:24:16.353611 main.go:59: Starting FhaaS
DEBUG: 2021/05/11 21:26:18.874232 main.go:59: Starting FhaaS
DEBUG: 2021/05/11 21:26:18.874232 set_flags.go:35: Using http://localhost:8080/self_auth as url for authorization.
DEBUG: 2021/05/11 21:26:18.874232 set_flags.go:15: logtokens is set to true.
WARN: 2021/05/11 21:26:18.874232 set_flags.go:16: logtokens is set to true. Though it is useful to verify authorization fails it exposes "credential-like" informations on logs.
DEBUG: 2021/05/11 21:26:32.545759 helpers.go:39: Ctrl+C pressed in Terminal
DEBUG: 2021/05/11 21:26:32.545759 helpers.go:40: Stopping FhaaS
DEBUG: 2021/05/11 21:27:33.423900 main.go:59: Starting FhaaS
DEBUG: 2021/05/11 21:27:33.423900 set_flags.go:24: Using http://localhost:8080/self_auth as url for authorization.
DEBUG: 2021/05/11 21:27:33.423900 set_flags.go:36: logtokens is set to true.
WARN: 2021/05/11 21:27:33.423900 set_flags.go:37: logtokens is set to true. Though it is useful to verify authorization fails it exposes "credential-like" informations on logs.
DEBUG: 2021/05/11 21:27:52.386288 helpers.go:39: Ctrl+C pressed in Terminal
DEBUG: 2021/05/11 21:27:52.386822 helpers.go:40: Stopping FhaaS
DEBUG: 2021/05/11 21:27:56.389569 main.go:59: Starting FhaaS
DEBUG: 2021/05/11 21:27:56.389569 set_flags.go:24: Using http://localhost:8080/self_auth as url for authorization.
DEBUG: 2021/05/11 21:27:56.389569 set_flags.go:36: logtokens is set to true.
WARN: 2021/05/11 21:27:56.389569 set_flags.go:37: logtokens is set to true. Though it is useful to verify authorization fails it exposes "credential-like" informations on logs.
DEBUG: 2021/05/11 21:28:07.867423 helpers.go:39: Ctrl+C pressed in Terminal
DEBUG: 2021/05/11 21:28:07.867423 helpers.go:40: Stopping FhaaS
DEBUG: 2021/05/11 21:28:12.670932 main.go:59: Starting FhaaS
DEBUG: 2021/05/11 21:28:12.670932 set_flags.go:24: Using http://localhost:8080/self_auth as url for authorization.
DEBUG: 2021/05/11 21:28:12.670932 set_flags.go:36: logtokens is set to true.
WARN: 2021/05/11 21:28:12.670932 set_flags.go:37: logtokens is set to true. Though it is useful to verify authorization fails it exposes "credential-like" informations on logs.
DEBUG: 2021/05/11 21:28:21.299878 helpers.go:39: Ctrl+C pressed in Terminal
DEBUG: 2021/05/11 21:28:21.299878 helpers.go:40: Stopping FhaaS
DEBUG: 2021/05/11 21:28:26.531806 main.go:59: Starting FhaaS
DEBUG: 2021/05/11 21:28:26.531806 set_flags.go:24: Using http://localhost:8080/self_auth as url for authorization.
DEBUG: 2021/05/11 21:28:26.531806 set_flags.go:40: logtokens is set to false.
DEBUG: 2021/05/11 21:28:40.708934 helpers.go:39: Ctrl+C pressed in Terminal
DEBUG: 2021/05/11 21:28:40.708934 helpers.go:40: Stopping FhaaS
DEBUG: 2021/05/11 21:28:55.671467 main.go:59: Starting FhaaS
DEBUG: 2021/05/11 21:28:55.671467 set_flags.go:24: Using http://localhost:8080/self_auth as url for authorization.
DEBUG: 2021/05/11 21:28:55.671467 set_flags.go:40: logtokens is set to false.
DEBUG: 2021/05/11 21:28:56.582051 helpers.go:39: Ctrl+C pressed in Terminal
DEBUG: 2021/05/11 21:28:56.582051 helpers.go:40: Stopping FhaaS
DEBUG: 2021/05/11 21:33:32.402849 main.go:59: Starting FhaaS
DEBUG: 2021/05/11 21:33:32.402956 set_flags.go:24: Using http://localhost:7000 as url for authorization.
DEBUG: 2021/05/11 21:33:32.402956 set_flags.go:36: logtokens is set to true.
WARN: 2021/05/11 21:33:32.402956 set_flags.go:37: logtokens is set to true. Though it is useful to verify authorization fails it exposes "credential-like" informations on logs.
DEBUG: 2021/05/11 21:33:38.088742 decorators.go:38: Request 5dcd0ac5-861a-4e4f-96e8-149e951ffe43 - Auth URL used for this request: http://localhost:7000
WARN: 2021/05/11 21:33:38.116820 decorators.go:48: Request 5dcd0ac5-861a-4e4f-96e8-149e951ffe43 - FhaaS received a request that was not authorized. It may be a token/url mistake but also may have came from an undesired/malicious requester. We suggest you to check your FhaaS network entrypoints
ERROR: 2021/05/11 21:33:38.116820 decorators.go:49: Request 5dcd0ac5-861a-4e4f-96e8-149e951ffe43 - This request was not authorized by endpoint http://localhost:7000
DEBUG: 2021/05/11 21:33:38.116820 decorators.go:50: Request 5dcd0ac5-861a-4e4f-96e8-149e951ffe43 - Authorization response: {"message": "non-authorized"}
DEBUG: 2021/05/11 21:33:38.116820 decorators.go:51: Request 5dcd0ac5-861a-4e4f-96e8-149e951ffe43 - Authorization response code: 401
DEBUG: 2021/05/11 21:33:43.112221 decorators.go:38: Request 74a8de10-1382-4898-b4d4-044ffc463f10 - Auth URL used for this request: http://localhost:7000
WARN: 2021/05/11 21:33:43.119869 decorators.go:48: Request 74a8de10-1382-4898-b4d4-044ffc463f10 - FhaaS received a request that was not authorized. It may be a token/url mistake but also may have came from an undesired/malicious requester. We suggest you to check your FhaaS network entrypoints
ERROR: 2021/05/11 21:33:43.119869 decorators.go:49: Request 74a8de10-1382-4898-b4d4-044ffc463f10 - This request was not authorized by endpoint http://localhost:7000
DEBUG: 2021/05/11 21:33:43.119869 decorators.go:50: Request 74a8de10-1382-4898-b4d4-044ffc463f10 - Authorization response: {"message": "non-authorized"}
DEBUG: 2021/05/11 21:33:43.119869 decorators.go:51: Request 74a8de10-1382-4898-b4d4-044ffc463f10 - Authorization response code: 401
DEBUG: 2021/05/11 21:34:26.519786 helpers.go:39: Ctrl+C pressed in Terminal
DEBUG: 2021/05/11 21:34:26.519786 helpers.go:40: Stopping FhaaS
DEBUG: 2021/05/11 21:39:25.294589 main.go:59: Starting FhaaS
DEBUG: 2021/05/11 21:39:25.294589 set_flags.go:24: Using http://localhost:7000 as url for authorization.
DEBUG: 2021/05/11 21:39:25.294589 set_flags.go:36: logtokens is set to true.
WARN: 2021/05/11 21:39:25.294589 set_flags.go:37: logtokens is set to true. Though it is useful to verify authorization fails it exposes "credential-like" informations on logs.
DEBUG: 2021/05/11 21:39:29.407293 decorators.go:38: Request fb690993-e09c-40e0-a7ce-dc36304a2454 - Auth URL used for this request: http://localhost:7000
WARN: 2021/05/11 21:39:29.464365 decorators.go:48: Request fb690993-e09c-40e0-a7ce-dc36304a2454 - FhaaS received a request that was not authorized. It may be a token/url mistake but also may have came from an undesired/malicious requester. We suggest you to check your FhaaS network entrypoints
ERROR: 2021/05/11 21:39:29.464895 decorators.go:49: Request fb690993-e09c-40e0-a7ce-dc36304a2454 - This request was not authorized by endpoint http://localhost:7000
DEBUG: 2021/05/11 21:39:29.464895 decorators.go:50: Request fb690993-e09c-40e0-a7ce-dc36304a2454 - Authorization response: {"message": "non-authorized"}
DEBUG: 2021/05/11 21:39:29.464895 decorators.go:51: Request fb690993-e09c-40e0-a7ce-dc36304a2454 - Authorization response code: 401
DEBUG: 2021/05/11 21:39:29.464895 decorators.go:52: Request fb690993-e09c-40e0-a7ce-dc36304a2454 - Authorization token used: {"token": "zikazikazikfa"}
DEBUG: 2021/05/11 21:40:05.461409 helpers.go:39: Ctrl+C pressed in Terminal
DEBUG: 2021/05/11 21:40:05.461943 helpers.go:40: Stopping FhaaS
DEBUG: 2021/05/11 22:30:51.549821 main.go:63: Starting FhaaS
DEBUG: 2021/05/11 22:30:51.549821 set_flags.go:24: Using http://localhost:7000 as url for authorization.
DEBUG: 2021/05/11 22:30:51.549821 set_flags.go:36: logtokens is set to true.
WARN: 2021/05/11 22:30:51.549821 set_flags.go:37: logtokens is set to true. Though it is useful to verify authorization fails it exposes "credential-like" informations on logs.
DEBUG: 2021/05/11 22:31:31.467621 decorators.go:46: Request f9ed715f-8f16-4bd3-a195-c979079a4fc0 - Auth URL used for this request: http://localhost:7000
WARN: 2021/05/11 22:31:31.498913 decorators.go:56: Request f9ed715f-8f16-4bd3-a195-c979079a4fc0 - FhaaS received a request that was not authorized. It may be a token/url mistake but also may have came from an undesired/malicious requester. We suggest you to check your FhaaS network entrypoints
ERROR: 2021/05/11 22:31:31.498913 decorators.go:57: Request f9ed715f-8f16-4bd3-a195-c979079a4fc0 - This request was not authorized by endpoint http://localhost:7000
DEBUG: 2021/05/11 22:31:31.499425 decorators.go:58: Request f9ed715f-8f16-4bd3-a195-c979079a4fc0 - Authorization response: {"message": "non-authorized"}
DEBUG: 2021/05/11 22:31:31.499425 decorators.go:59: Request f9ed715f-8f16-4bd3-a195-c979079a4fc0 - Authorization response code: 401
DEBUG: 2021/05/11 22:31:31.499425 decorators.go:60: Request f9ed715f-8f16-4bd3-a195-c979079a4fc0 - Authorization token used: {"token": "zikazikazikfa"}
DEBUG: 2021/05/11 22:31:42.031903 decorators.go:46: Request 988b3a67-960d-4fc9-9eea-198b282cccab - Auth URL used for this request: http://localhost:7000
ERROR: 2021/05/11 22:31:42.047022 decorators.go:64: Request 988b3a67-960d-4fc9-9eea-198b282cccab - Authorized by http://localhost:7000 with token [logtokens disabled]. Processing request.
DEBUG: 2021/05/11 22:31:42.047022 copy_file.go:124: [request] id: Request 988b3a67-960d-4fc9-9eea-198b282cccab - POST to /copy from (referer not sent)
DEBUG: 2021/05/11 22:31:42.047022 copy_file.go:127: 
DEBUG: 2021/05/11 22:31:42.359979 copy_file.go:75: Request 988b3a67-960d-4fc9-9eea-198b282cccab - File C:\Users\alango\Documents\videos\B084C001_2101258HS02.MXF copied to C:\Users\alango\Documents\videos_dest\B084C001_2101258HS02.MXF successfully
DEBUG: 2021/05/11 22:32:18.505995 decorators.go:46: Request 30c9d4d8-9ee6-43ee-8930-55a7549e3009 - Auth URL used for this request: http://localhost:7000
ERROR: 2021/05/11 22:32:18.525549 decorators.go:64: Request 30c9d4d8-9ee6-43ee-8930-55a7549e3009 - Authorized by http://localhost:7000 with token [logtokens disabled]. Processing request.
DEBUG: 2021/05/11 22:32:18.525549 copy_file.go:124: [request] id: Request 30c9d4d8-9ee6-43ee-8930-55a7549e3009 - POST to /copy from (referer not sent)
DEBUG: 2021/05/11 22:32:18.525549 copy_file.go:127: 
DEBUG: 2021/05/11 22:32:18.757790 copy_file.go:75: Request 30c9d4d8-9ee6-43ee-8930-55a7549e3009 - File C:\Users\alango\Documents\videos\B084C001_2101258HS02.MXF copied to C:\Users\alango\Documents\videos_dest\B084C001_2101258HS02.MXF successfully
DEBUG: 2021/05/11 22:32:31.801720 decorators.go:46: Request 8304248b-a1de-4688-bc9d-d088ac1cfc04 - Auth URL used for this request: http://localhost:7000
ERROR: 2021/05/11 22:32:31.811659 decorators.go:64: Request 8304248b-a1de-4688-bc9d-d088ac1cfc04 - Authorized by http://localhost:7000 with token [logtokens disabled]. Processing request.
DEBUG: 2021/05/11 22:32:31.811659 copy_file.go:124: [request] id: Request 8304248b-a1de-4688-bc9d-d088ac1cfc04 - POST to /copy from (referer not sent)
DEBUG: 2021/05/11 22:32:31.811659 copy_file.go:127: 
DEBUG: 2021/05/11 22:32:31.902531 copy_file.go:59: Request 8304248b-a1de-4688-bc9d-d088ac1cfc04 - File C:\Users\alango\Documents\videos\B084C001_2101258HS02.MXF copied to C:\Users\alango\Documents\videos_dest\B084C001_2101258HS02.MXF successfully
DEBUG: 2021/05/11 22:32:45.491884 decorators.go:46: Request f7c0ad3e-a489-4472-9320-ec089dd9ff3f - Auth URL used for this request: http://localhost:7000
ERROR: 2021/05/11 22:32:45.525811 decorators.go:64: Request f7c0ad3e-a489-4472-9320-ec089dd9ff3f - Authorized by http://localhost:7000 with token [logtokens disabled]. Processing request.
DEBUG: 2021/05/11 22:32:45.525811 copy_file.go:124: [request] id: Request f7c0ad3e-a489-4472-9320-ec089dd9ff3f - POST to /copy from (referer not sent)
DEBUG: 2021/05/11 22:32:45.525811 copy_file.go:127: 
DEBUG: 2021/05/11 22:32:45.674346 copy_file.go:75: Request f7c0ad3e-a489-4472-9320-ec089dd9ff3f - File C:\Users\alango\Documents\videos\B084C001_2101258HS02.MXF copied to C:\Users\alango\Documents\videos_dest\B084C001_2101258HS02.MXF successfully
DEBUG: 2021/05/11 22:38:28.340396 decorators.go:46: Request fea54bd5-6a18-4b01-ad77-76b9ee0247c3 - Auth URL used for this request: http://localhost:7000
ERROR: 2021/05/11 22:38:28.356078 decorators.go:64: Request fea54bd5-6a18-4b01-ad77-76b9ee0247c3 - Authorized by http://localhost:7000 with token [logtokens disabled]. Processing request.
DEBUG: 2021/05/11 22:38:28.356078 copy_file.go:124: [request] id: Request fea54bd5-6a18-4b01-ad77-76b9ee0247c3 - POST to /copy from (referer not sent)
DEBUG: 2021/05/11 22:38:28.356078 copy_file.go:127: 
DEBUG: 2021/05/11 22:38:28.507854 copy_file.go:75: Request fea54bd5-6a18-4b01-ad77-76b9ee0247c3 - File C:\Users\alango\Documents\videos\B084C001_2101258HS02.MXF copied to C:\Users\alango\Documents\videos_dest\B084C001_2101258HS02.MXF successfully
DEBUG: 2021/05/11 22:39:06.477942 helpers.go:39: Ctrl+C pressed in Terminal
DEBUG: 2021/05/11 22:39:06.477942 helpers.go:40: Stopping FhaaS
DEBUG: 2021/05/11 22:46:08.654695 main.go:63: Starting FhaaS
DEBUG: 2021/05/11 22:46:08.655213 set_flags.go:24: Using http://localhost:7000 as url for authorization.
DEBUG: 2021/05/11 22:46:08.655213 set_flags.go:36: logtokens is set to true.
WARN: 2021/05/11 22:46:08.655213 set_flags.go:37: logtokens is set to true. Though it is useful to verify authorization fails it exposes "credential-like" informations on logs.
DEBUG: 2021/05/11 22:46:11.858873 decorators.go:46: Request 49f8cac9-b837-4801-a68d-4f8b39328737 - Auth URL used for this request: http://localhost:7000
ERROR: 2021/05/11 22:46:11.901003 decorators.go:64: Request 49f8cac9-b837-4801-a68d-4f8b39328737 - Authorized by http://localhost:7000 with token [logtokens disabled]. Processing request.
DEBUG: 2021/05/11 22:46:11.901003 copy_file.go:125: [request] id: Request 49f8cac9-b837-4801-a68d-4f8b39328737 - POST to /copy from (referer not sent)
DEBUG: 2021/05/11 22:46:11.901003 copy_file.go:128: %s - Starting copy process handling
 Request 49f8cac9-b837-4801-a68d-4f8b39328737
DEBUG: 2021/05/11 22:46:11.901003 copy_file.go:129: %s - Request body:  Request 49f8cac9-b837-4801-a68d-4f8b39328737 
{"file_in": "C:\\Users\\alango\\Documents\\videos\\B084C001_2101258HS02.MXF", "file_out": "C:\\Users\\alango\\Documents\\videos_dest\\B084C001_2101258HS02.MXF", "overwrite": true}
DEBUG: 2021/05/11 22:46:11.901003 verifiers.go:29: Request 49f8cac9-b837-4801-a68d-4f8b39328737 - Request is async
DEBUG: 2021/05/11 22:46:11.902003 copy_file.go:142: Request 49f8cac9-b837-4801-a68d-4f8b39328737 - Copy process response: {Copy process started map[body:{C:\Users\alango\Documents\videos\B084C001_2101258HS02.MXF C:\Users\alango\Documents\videos_dest\B084C001_2101258HS02.MXF true}]}
DEBUG: 2021/05/11 22:46:12.128206 copy_file.go:75: Request 49f8cac9-b837-4801-a68d-4f8b39328737 - File C:\Users\alango\Documents\videos\B084C001_2101258HS02.MXF copied to C:\Users\alango\Documents\videos_dest\B084C001_2101258HS02.MXF successfully
DEBUG: 2021/05/11 22:48:06.645693 helpers.go:39: Ctrl+C pressed in Terminal
DEBUG: 2021/05/11 22:48:06.645748 helpers.go:40: Stopping FhaaS
DEBUG: 2021/05/11 22:48:09.173852 main.go:63: Starting FhaaS
DEBUG: 2021/05/11 22:48:09.174390 set_flags.go:24: Using http://localhost:7000 as url for authorization.
DEBUG: 2021/05/11 22:48:09.174390 set_flags.go:36: logtokens is set to true.
WARN: 2021/05/11 22:48:09.174390 set_flags.go:37: logtokens is set to true. Though it is useful to verify authorization fails it exposes "credential-like" informations on logs.
DEBUG: 2021/05/11 22:48:12.283202 decorators.go:46: Request fd70c4e5-62b5-48b3-a122-e35a1c89cf2f - Auth URL used for this request: http://localhost:7000
ERROR: 2021/05/11 22:48:12.319084 decorators.go:64: Request fd70c4e5-62b5-48b3-a122-e35a1c89cf2f - Authorized by http://localhost:7000 with token [logtokens disabled]. Processing request.
DEBUG: 2021/05/11 22:48:12.319084 copy_file.go:125: [request] id: Request fd70c4e5-62b5-48b3-a122-e35a1c89cf2f - POST to /copy from (referer not sent)
DEBUG: 2021/05/11 22:48:12.320084 copy_file.go:128: %s - Starting copy process handling
 Request fd70c4e5-62b5-48b3-a122-e35a1c89cf2f
DEBUG: 2021/05/11 22:48:12.321101 copy_file.go:129: %s - Request body:  Request fd70c4e5-62b5-48b3-a122-e35a1c89cf2f 
{"file_in": "C:\\Users\\alango\\Documents\\videos\\B084C001_2101258HS02.MXF", "file_out": "C:\\Users\\alango\\Documents\\videos_dest\\B084C001_2101258HS02.MXF", "overwrite": true}
DEBUG: 2021/05/11 22:48:12.322091 verifiers.go:29: Request fd70c4e5-62b5-48b3-a122-e35a1c89cf2f - Request is async
DEBUG: 2021/05/11 22:48:12.323483 copy_file.go:144: Request fd70c4e5-62b5-48b3-a122-e35a1c89cf2f - Copy process response: {"message":"Copy process started","data":{"body":{"file_in":"C:\\Users\\alango\\Documents\\videos\\B084C001_2101258HS02.MXF","file_out":"C:\\Users\\alango\\Documents\\videos_dest\\B084C001_2101258HS02.MXF","overwrite":true}}}
DEBUG: 2021/05/11 22:48:12.506321 copy_file.go:75: Request fd70c4e5-62b5-48b3-a122-e35a1c89cf2f - File C:\Users\alango\Documents\videos\B084C001_2101258HS02.MXF copied to C:\Users\alango\Documents\videos_dest\B084C001_2101258HS02.MXF successfully
DEBUG: 2021/05/11 22:48:42.474176 decorators.go:46: Request dbcc42bc-9a46-4c6c-b29b-964279bfb423 - Auth URL used for this request: http://localhost:7000
ERROR: 2021/05/11 22:48:42.495006 decorators.go:64: Request dbcc42bc-9a46-4c6c-b29b-964279bfb423 - Authorized by http://localhost:7000 with token [logtokens disabled]. Processing request.
DEBUG: 2021/05/11 22:48:42.495006 copy_file.go:125: [request] id: Request dbcc42bc-9a46-4c6c-b29b-964279bfb423 - POST to /copy from (referer not sent)
DEBUG: 2021/05/11 22:48:42.495006 copy_file.go:128: %s - Starting copy process handling
 Request dbcc42bc-9a46-4c6c-b29b-964279bfb423
DEBUG: 2021/05/11 22:48:42.495006 copy_file.go:129: %s - Request body:  Request dbcc42bc-9a46-4c6c-b29b-964279bfb423 
{"file_in": "C:\\Users\\alango\\Documents\\videos\\B084C001_2101258HS02.MXF", "file_out": "C:\\Users\\alango\\Documents\\videos_dest\\B084C001_2101258HS02.MXF", "overwrite": true}
DEBUG: 2021/05/11 22:48:42.495006 verifiers.go:26: Request dbcc42bc-9a46-4c6c-b29b-964279bfb423 - Request is sync
DEBUG: 2021/05/11 22:48:42.576436 copy_file.go:59: Request dbcc42bc-9a46-4c6c-b29b-964279bfb423 - File C:\Users\alango\Documents\videos\B084C001_2101258HS02.MXF copied to C:\Users\alango\Documents\videos_dest\B084C001_2101258HS02.MXF successfully
DEBUG: 2021/05/11 22:48:42.576436 copy_file.go:144: Request dbcc42bc-9a46-4c6c-b29b-964279bfb423 - Copy process response: {"message":"File copied successfully","data":{"body":{"file_in":"C:\\Users\\alango\\Documents\\videos\\B084C001_2101258HS02.MXF","file_out":"C:\\Users\\alango\\Documents\\videos_dest\\B084C001_2101258HS02.MXF","overwrite":true},"bytesWritten":56117820}}
DEBUG: 2021/05/11 22:50:03.510823 helpers.go:39: Ctrl+C pressed in Terminal
DEBUG: 2021/05/11 22:50:03.510823 helpers.go:40: Stopping FhaaS
DEBUG: 2021/05/11 22:50:08.232509 main.go:63: Starting FhaaS
DEBUG: 2021/05/11 22:50:08.232509 set_flags.go:24: Using http://localhost:7000 as url for authorization.
DEBUG: 2021/05/11 22:50:08.232509 set_flags.go:36: logtokens is set to true.
WARN: 2021/05/11 22:50:08.232509 set_flags.go:37: logtokens is set to true. Though it is useful to verify authorization fails it exposes "credential-like" informations on logs.
DEBUG: 2021/05/11 22:50:13.917178 decorators.go:46: Request 2257f067-f617-4bcf-8e27-3c4dd94e58a0 - Auth URL used for this request: http://localhost:7000
ERROR: 2021/05/11 22:50:13.949144 decorators.go:64: Request 2257f067-f617-4bcf-8e27-3c4dd94e58a0 - Authorized by http://localhost:7000 with token [logtokens disabled]. Processing request.
DEBUG: 2021/05/11 22:50:13.949144 copy_file.go:125: [request] id: Request 2257f067-f617-4bcf-8e27-3c4dd94e58a0 - POST to /copy from (referer not sent)
DEBUG: 2021/05/11 22:50:13.949144 copy_file.go:128: Request 2257f067-f617-4bcf-8e27-3c4dd94e58a0 - Starting copy process handling
DEBUG: 2021/05/11 22:50:13.949474 copy_file.go:129: Request 2257f067-f617-4bcf-8e27-3c4dd94e58a0 - Request body: 
{"file_in": "C:\\Users\\alango\\Documents\\videos\\B084C001_2101258HS02.MXF", "file_out": "C:\\Users\\alango\\Documents\\videos_dest\\B084C001_2101258HS02.MXF", "overwrite": true}
DEBUG: 2021/05/11 22:50:13.950020 verifiers.go:29: Request 2257f067-f617-4bcf-8e27-3c4dd94e58a0 - Request is async
DEBUG: 2021/05/11 22:50:13.950020 copy_file.go:144: Request 2257f067-f617-4bcf-8e27-3c4dd94e58a0 - Copy process response: {"message":"Copy process started","data":{"body":{"file_in":"C:\\Users\\alango\\Documents\\videos\\B084C001_2101258HS02.MXF","file_out":"C:\\Users\\alango\\Documents\\videos_dest\\B084C001_2101258HS02.MXF","overwrite":true}}}
DEBUG: 2021/05/11 22:50:14.111710 copy_file.go:75: Request 2257f067-f617-4bcf-8e27-3c4dd94e58a0 - File C:\Users\alango\Documents\videos\B084C001_2101258HS02.MXF copied to C:\Users\alango\Documents\videos_dest\B084C001_2101258HS02.MXF successfully
DEBUG: 2021/05/11 22:50:25.389451 helpers.go:39: Ctrl+C pressed in Terminal
DEBUG: 2021/05/11 22:50:25.389451 helpers.go:40: Stopping FhaaS
DEBUG: 2021/05/11 23:08:05.808148 main.go:63: Starting FhaaS
DEBUG: 2021/05/11 23:08:05.808148 set_flags.go:24: Using http://localhost:7000 as url for authorization.
DEBUG: 2021/05/11 23:08:05.808148 set_flags.go:36: logtokens is set to true.
WARN: 2021/05/11 23:08:05.808148 set_flags.go:37: logtokens is set to true. Though it is useful to verify authorization fails it exposes "credential-like" informations on logs.
DEBUG: 2021/05/11 23:08:28.176630 decorators.go:46: Request 93e8009f-bb50-4e07-aad9-7108d70b8f28 - Auth URL used for this request: http://localhost:7000
ERROR: 2021/05/11 23:08:28.214416 decorators.go:64: Request 93e8009f-bb50-4e07-aad9-7108d70b8f28 - Authorized by http://localhost:7000 with token [logtokens disabled]. Processing request.
DEBUG: 2021/05/11 23:08:28.214416 copy_file.go:137: [request] id: Request 93e8009f-bb50-4e07-aad9-7108d70b8f28 - POST to /copy from (referer not sent)
DEBUG: 2021/05/11 23:08:28.214416 copy_file.go:140: Request 93e8009f-bb50-4e07-aad9-7108d70b8f28 - Starting copy process handling
DEBUG: 2021/05/11 23:08:28.214416 copy_file.go:141: Request 93e8009f-bb50-4e07-aad9-7108d70b8f28 - Request body: 
{"file_in": "C:\\Users\\alango\\Documents\\videos\\B084C001_2101258HS02.MXF", "file_out": "C:\\Users\\alango\\Documents\\videos_dest\\B084C001_2101258HS02.MXF", "overwrite": false}
DEBUG: 2021/05/11 23:08:28.215434 verifiers.go:29: Request 93e8009f-bb50-4e07-aad9-7108d70b8f28 - Request is async
DEBUG: 2021/05/11 23:08:28.215830 copy_file.go:21: Request 93e8009f-bb50-4e07-aad9-7108d70b8f28 - Starting copy.
DEBUG: 2021/05/11 23:08:28.215830 copy_file.go:22: Request 93e8009f-bb50-4e07-aad9-7108d70b8f28 - FileIn: C:\Users\alango\Documents\videos\B084C001_2101258HS02.MXF
DEBUG: 2021/05/11 23:08:28.215830 copy_file.go:23: Request 93e8009f-bb50-4e07-aad9-7108d70b8f28 - FileOut: C:\Users\alango\Documents\videos_dest\B084C001_2101258HS02.MXF
DEBUG: 2021/05/11 23:08:28.215830 copy_file.go:24: Request 93e8009f-bb50-4e07-aad9-7108d70b8f28 - Overwrite: false
DEBUG: 2021/05/11 23:08:28.215830 copy_file.go:156: Request 93e8009f-bb50-4e07-aad9-7108d70b8f28 - Copy process response: {"message":"Copy process started","data":{"body":{"file_in":"C:\\Users\\alango\\Documents\\videos\\B084C001_2101258HS02.MXF","file_out":"C:\\Users\\alango\\Documents\\videos_dest\\B084C001_2101258HS02.MXF","overwrite":false}}}
DEBUG: 2021/05/11 23:08:28.216345 copy_file.go:50: Request 93e8009f-bb50-4e07-aad9-7108d70b8f28 - Destination file "C:\Users\alango\Documents\videos_dest\B084C001_2101258HS02.MXF" exists. No operations done
DEBUG: 2021/05/11 23:08:28.216345 copy_file.go:87: Request 93e8009f-bb50-4e07-aad9-7108d70b8f28 - File C:\Users\alango\Documents\videos\B084C001_2101258HS02.MXF copied to C:\Users\alango\Documents\videos_dest\B084C001_2101258HS02.MXF successfully
DEBUG: 2021/05/11 23:09:06.213666 helpers.go:39: Ctrl+C pressed in Terminal
DEBUG: 2021/05/11 23:09:06.214666 helpers.go:40: Stopping FhaaS
DEBUG: 2021/05/11 23:10:53.047945 main.go:63: Starting FhaaS
DEBUG: 2021/05/11 23:10:53.047945 set_flags.go:24: Using http://localhost:7000 as url for authorization.
DEBUG: 2021/05/11 23:10:53.047945 set_flags.go:36: logtokens is set to true.
WARN: 2021/05/11 23:10:53.048455 set_flags.go:37: logtokens is set to true. Though it is useful to verify authorization fails it exposes "credential-like" informations on logs.
DEBUG: 2021/05/11 23:10:59.485080 decorators.go:46: Request dcbb7e22-e475-4f52-88ab-77de23394c8f - Auth URL used for this request: http://localhost:7000
ERROR: 2021/05/11 23:10:59.536502 decorators.go:64: Request dcbb7e22-e475-4f52-88ab-77de23394c8f - Authorized by http://localhost:7000 with token [logtokens disabled]. Processing request.
DEBUG: 2021/05/11 23:10:59.536502 copy_file.go:141: [request] id: Request dcbb7e22-e475-4f52-88ab-77de23394c8f - POST to /copy from (referer not sent)
DEBUG: 2021/05/11 23:10:59.537210 copy_file.go:144: Request dcbb7e22-e475-4f52-88ab-77de23394c8f - Starting copy process handling
DEBUG: 2021/05/11 23:10:59.537210 copy_file.go:145: Request dcbb7e22-e475-4f52-88ab-77de23394c8f - Request body: 
{"file_in": "C:\\Users\\alango\\Documents\\videos\\B084C001_2101258HS02.MXF", "file_out": "C:\\Users\\alango\\Documents\\videos_dest\\B084C001_2101258HS02.MXF", "overwrite": false}
DEBUG: 2021/05/11 23:10:59.537210 verifiers.go:29: Request dcbb7e22-e475-4f52-88ab-77de23394c8f - Request is async
DEBUG: 2021/05/11 23:10:59.537724 copy_file.go:160: Request dcbb7e22-e475-4f52-88ab-77de23394c8f - Copy process response: {"message":"Copy process started","data":{"body":{"file_in":"C:\\Users\\alango\\Documents\\videos\\B084C001_2101258HS02.MXF","file_out":"C:\\Users\\alango\\Documents\\videos_dest\\B084C001_2101258HS02.MXF","overwrite":false}}}
DEBUG: 2021/05/11 23:10:59.537724 copy_file.go:21: Request dcbb7e22-e475-4f52-88ab-77de23394c8f - Starting copy.
DEBUG: 2021/05/11 23:10:59.538106 copy_file.go:22: Request dcbb7e22-e475-4f52-88ab-77de23394c8f - FileIn: C:\Users\alango\Documents\videos\B084C001_2101258HS02.MXF
DEBUG: 2021/05/11 23:10:59.538106 copy_file.go:23: Request dcbb7e22-e475-4f52-88ab-77de23394c8f - FileOut: C:\Users\alango\Documents\videos_dest\B084C001_2101258HS02.MXF
DEBUG: 2021/05/11 23:10:59.538106 copy_file.go:24: Request dcbb7e22-e475-4f52-88ab-77de23394c8f - Overwrite: false
DEBUG: 2021/05/11 23:10:59.538106 copy_file.go:51: Request dcbb7e22-e475-4f52-88ab-77de23394c8f - Destination file "C:\Users\alango\Documents\videos_dest\B084C001_2101258HS02.MXF" exists. No operations done
DEBUG: 2021/05/11 23:10:59.538106 copy_file.go:91: Request dcbb7e22-e475-4f52-88ab-77de23394c8f - File C:\Users\alango\Documents\videos\B084C001_2101258HS02.MXF copied to C:\Users\alango\Documents\videos_dest\B084C001_2101258HS02.MXF successfully
DEBUG: 2021/05/11 23:11:09.668149 helpers.go:39: Ctrl+C pressed in Terminal
DEBUG: 2021/05/11 23:11:09.668149 helpers.go:40: Stopping FhaaS
DEBUG: 2021/05/11 23:12:30.291634 main.go:63: Starting FhaaS
DEBUG: 2021/05/11 23:12:30.292183 set_flags.go:24: Using http://localhost:7000 as url for authorization.
DEBUG: 2021/05/11 23:12:30.292183 set_flags.go:36: logtokens is set to true.
WARN: 2021/05/11 23:12:30.292183 set_flags.go:37: logtokens is set to true. Though it is useful to verify authorization fails it exposes "credential-like" informations on logs.
DEBUG: 2021/05/11 23:12:32.968255 decorators.go:46: Request 979034ea-0cc6-4e3b-b111-b8d765cc0685 - Auth URL used for this request: http://localhost:7000
ERROR: 2021/05/11 23:12:33.036780 decorators.go:64: Request 979034ea-0cc6-4e3b-b111-b8d765cc0685 - Authorized by http://localhost:7000 with token [logtokens disabled]. Processing request.
DEBUG: 2021/05/11 23:12:33.036780 copy_file.go:147: [request] id: Request 979034ea-0cc6-4e3b-b111-b8d765cc0685 - POST to /copy from (referer not sent)
DEBUG: 2021/05/11 23:12:33.036935 copy_file.go:150: Request 979034ea-0cc6-4e3b-b111-b8d765cc0685 - Starting copy process handling
DEBUG: 2021/05/11 23:12:33.036935 copy_file.go:151: Request 979034ea-0cc6-4e3b-b111-b8d765cc0685 - Request body: 
{"file_in": "C:\\Users\\alango\\Documents\\videos\\B084C001_2101258HS02.MXF", "file_out": "C:\\Users\\alango\\Documents\\videos_dest\\B084C001_2101258HS02.MXF", "overwrite": false}
DEBUG: 2021/05/11 23:12:33.036935 verifiers.go:29: Request 979034ea-0cc6-4e3b-b111-b8d765cc0685 - Request is async
DEBUG: 2021/05/11 23:12:33.037478 copy_file.go:21: Request 979034ea-0cc6-4e3b-b111-b8d765cc0685 - Starting copy.
DEBUG: 2021/05/11 23:12:33.037478 copy_file.go:22: Request 979034ea-0cc6-4e3b-b111-b8d765cc0685 - FileIn: C:\Users\alango\Documents\videos\B084C001_2101258HS02.MXF
DEBUG: 2021/05/11 23:12:33.037478 copy_file.go:23: Request 979034ea-0cc6-4e3b-b111-b8d765cc0685 - FileOut: C:\Users\alango\Documents\videos_dest\B084C001_2101258HS02.MXF
DEBUG: 2021/05/11 23:12:33.037478 copy_file.go:24: Request 979034ea-0cc6-4e3b-b111-b8d765cc0685 - Overwrite: false
DEBUG: 2021/05/11 23:12:33.037478 copy_file.go:166: Request 979034ea-0cc6-4e3b-b111-b8d765cc0685 - Copy process response: {"message":"Copy process started","data":{"body":{"file_in":"C:\\Users\\alango\\Documents\\videos\\B084C001_2101258HS02.MXF","file_out":"C:\\Users\\alango\\Documents\\videos_dest\\B084C001_2101258HS02.MXF","overwrite":false}}}
DEBUG: 2021/05/11 23:12:33.037478 copy_file.go:51: Request 979034ea-0cc6-4e3b-b111-b8d765cc0685 - Destination file "C:\Users\alango\Documents\videos_dest\B084C001_2101258HS02.MXF" exists. No operations done
DEBUG: 2021/05/11 23:13:27.087302 helpers.go:39: Ctrl+C pressed in Terminal
DEBUG: 2021/05/11 23:13:27.087302 helpers.go:40: Stopping FhaaS
DEBUG: 2021/05/11 23:19:36.814419 main.go:63: Starting FhaaS
DEBUG: 2021/05/11 23:19:36.814419 set_flags.go:24: Using http://localhost:7000 as url for authorization.
DEBUG: 2021/05/11 23:19:36.814419 set_flags.go:36: logtokens is set to true.
WARN: 2021/05/11 23:19:36.814419 set_flags.go:37: logtokens is set to true. Though it is useful to verify authorization fails it exposes "credential-like" informations on logs.
DEBUG: 2021/05/11 23:19:39.878153 decorators.go:46: Request 6e2ccfb8-08bd-47c2-8b4c-af11d4ec334b - Auth URL used for this request: http://localhost:7000
ERROR: 2021/05/11 23:19:39.912133 decorators.go:64: Request 6e2ccfb8-08bd-47c2-8b4c-af11d4ec334b - Authorized by http://localhost:7000 with token [logtokens disabled]. Processing request.
DEBUG: 2021/05/11 23:19:39.912133 copy_file.go:148: [request] id: Request 6e2ccfb8-08bd-47c2-8b4c-af11d4ec334b - POST to /copy from (referer not sent)
DEBUG: 2021/05/11 23:19:39.912133 copy_file.go:151: Request 6e2ccfb8-08bd-47c2-8b4c-af11d4ec334b - Starting copy process handling
DEBUG: 2021/05/11 23:19:39.912133 copy_file.go:152: Request 6e2ccfb8-08bd-47c2-8b4c-af11d4ec334b - Request body: 
{"file_in": "C:\\Users\\alango\\Documents\\videos\\B084C001_2101258HS02.MXF", "file_out": "C:\\Users\\alango\\Documents\\videos_dest\\B084C001_2101258HS02.MXF", "overwrite": false}
DEBUG: 2021/05/11 23:19:39.912673 verifiers.go:29: Request 6e2ccfb8-08bd-47c2-8b4c-af11d4ec334b - Request is async
DEBUG: 2021/05/11 23:19:39.913962 copy_file.go:168: Request 6e2ccfb8-08bd-47c2-8b4c-af11d4ec334b - Copy process response: {"message":"Copy process started","data":{"body":{"file_in":"C:\\Users\\alango\\Documents\\videos\\B084C001_2101258HS02.MXF","file_out":"C:\\Users\\alango\\Documents\\videos_dest\\B084C001_2101258HS02.MXF","overwrite":false}}}
DEBUG: 2021/05/11 23:19:39.913962 copy_file.go:22: Request 6e2ccfb8-08bd-47c2-8b4c-af11d4ec334b - Starting copy.
DEBUG: 2021/05/11 23:19:39.913962 copy_file.go:23: Request 6e2ccfb8-08bd-47c2-8b4c-af11d4ec334b - FileIn: C:\Users\alango\Documents\videos\B084C001_2101258HS02.MXF
DEBUG: 2021/05/11 23:19:39.913962 copy_file.go:24: Request 6e2ccfb8-08bd-47c2-8b4c-af11d4ec334b - FileOut: C:\Users\alango\Documents\videos_dest\B084C001_2101258HS02.MXF
DEBUG: 2021/05/11 23:19:39.913962 copy_file.go:25: Request 6e2ccfb8-08bd-47c2-8b4c-af11d4ec334b - Overwrite: false
DEBUG: 2021/05/11 23:19:39.913962 copy_file.go:52: Request 6e2ccfb8-08bd-47c2-8b4c-af11d4ec334b - Destination file "C:\Users\alango\Documents\videos_dest\B084C001_2101258HS02.MXF" exists. No operations done
DEBUG: 2021/05/11 23:20:35.513345 decorators.go:46: Request 162950da-0a9c-4936-bbf9-34607859b73c - Auth URL used for this request: http://localhost:7000
ERROR: 2021/05/11 23:20:35.533957 decorators.go:64: Request 162950da-0a9c-4936-bbf9-34607859b73c - Authorized by http://localhost:7000 with token [logtokens disabled]. Processing request.
DEBUG: 2021/05/11 23:20:35.533957 copy_file.go:148: [request] id: Request 162950da-0a9c-4936-bbf9-34607859b73c - POST to /copy from (referer not sent)
DEBUG: 2021/05/11 23:20:35.533957 copy_file.go:151: Request 162950da-0a9c-4936-bbf9-34607859b73c - Starting copy process handling
DEBUG: 2021/05/11 23:20:35.534470 copy_file.go:152: Request 162950da-0a9c-4936-bbf9-34607859b73c - Request body: 
{"file_in": "C:\\Users\\alango\\Documents\\videos\\B084C001_2101258HS02.MXF", "file_out": "C:\\Users\\alango\\Documents\\videos_dest\\B084C001_2101258HS02.MXF", "overwrite": false}
DEBUG: 2021/05/11 23:20:35.534470 verifiers.go:29: Request 162950da-0a9c-4936-bbf9-34607859b73c - Request is async
DEBUG: 2021/05/11 23:20:35.535310 copy_file.go:168: Request 162950da-0a9c-4936-bbf9-34607859b73c - Copy process response: {"message":"Copy process started","data":{"body":{"file_in":"C:\\Users\\alango\\Documents\\videos\\B084C001_2101258HS02.MXF","file_out":"C:\\Users\\alango\\Documents\\videos_dest\\B084C001_2101258HS02.MXF","overwrite":false}}}
DEBUG: 2021/05/11 23:20:35.536341 copy_file.go:22: Request 162950da-0a9c-4936-bbf9-34607859b73c - Starting copy.
DEBUG: 2021/05/11 23:20:35.536341 copy_file.go:23: Request 162950da-0a9c-4936-bbf9-34607859b73c - FileIn: C:\Users\alango\Documents\videos\B084C001_2101258HS02.MXF
DEBUG: 2021/05/11 23:20:35.536341 copy_file.go:24: Request 162950da-0a9c-4936-bbf9-34607859b73c - FileOut: C:\Users\alango\Documents\videos_dest\B084C001_2101258HS02.MXF
DEBUG: 2021/05/11 23:20:35.536341 copy_file.go:25: Request 162950da-0a9c-4936-bbf9-34607859b73c - Overwrite: false
DEBUG: 2021/05/11 23:20:35.545344 copy_file.go:52: Request 162950da-0a9c-4936-bbf9-34607859b73c - Destination file "C:\Users\alango\Documents\videos_dest\B084C001_2101258HS02.MXF" exists. No operations done
DEBUG: 2021/05/11 23:21:49.129848 helpers.go:39: Ctrl+C pressed in Terminal
DEBUG: 2021/05/11 23:21:49.129848 helpers.go:40: Stopping FhaaS
DEBUG: 2021/05/11 23:22:12.307635 main.go:63: Starting FhaaS
DEBUG: 2021/05/11 23:22:12.307635 set_flags.go:24: Using http://localhost:7000 as url for authorization.
DEBUG: 2021/05/11 23:22:12.307635 set_flags.go:36: logtokens is set to true.
WARN: 2021/05/11 23:22:12.308147 set_flags.go:37: logtokens is set to true. Though it is useful to verify authorization fails it exposes "credential-like" informations on logs.
DEBUG: 2021/05/11 23:22:18.551980 decorators.go:46: Request 344c06f0-e583-4f22-8c11-4fcc12bd0dbb - Auth URL used for this request: http://localhost:7000
ERROR: 2021/05/11 23:22:18.591739 decorators.go:64: Request 344c06f0-e583-4f22-8c11-4fcc12bd0dbb - Authorized by http://localhost:7000 with token [logtokens disabled]. Processing request.
DEBUG: 2021/05/11 23:22:18.591739 copy_file.go:148: [request] id: Request 344c06f0-e583-4f22-8c11-4fcc12bd0dbb - POST to /copy from (referer not sent)
DEBUG: 2021/05/11 23:22:18.591739 copy_file.go:151: Request 344c06f0-e583-4f22-8c11-4fcc12bd0dbb - Starting copy process handling
DEBUG: 2021/05/11 23:22:18.591739 copy_file.go:152: Request 344c06f0-e583-4f22-8c11-4fcc12bd0dbb - Request body: 
{"file_in": "C:\\Users\\alango\\Documents\\videos\\B084C001_2101258HS02.MXF", "file_out": "C:\\Users\\alango\\Documents\\videos_dest\\B084C001_2101258HS02.MXF", "overwrite": false}
DEBUG: 2021/05/11 23:22:18.595270 verifiers.go:29: Request 344c06f0-e583-4f22-8c11-4fcc12bd0dbb - Request is async
DEBUG: 2021/05/11 23:22:18.596632 copy_file.go:168: Request 344c06f0-e583-4f22-8c11-4fcc12bd0dbb - Copy process response: {"message":"Copy process started","data":{"body":{"file_in":"C:\\Users\\alango\\Documents\\videos\\B084C001_2101258HS02.MXF","file_out":"C:\\Users\\alango\\Documents\\videos_dest\\B084C001_2101258HS02.MXF","overwrite":false}}}
DEBUG: 2021/05/11 23:22:18.597628 copy_file.go:22: Request 344c06f0-e583-4f22-8c11-4fcc12bd0dbb - Starting copy.
DEBUG: 2021/05/11 23:22:18.597628 copy_file.go:23: Request 344c06f0-e583-4f22-8c11-4fcc12bd0dbb - FileIn: C:\Users\alango\Documents\videos\B084C001_2101258HS02.MXF
DEBUG: 2021/05/11 23:22:18.597628 copy_file.go:24: Request 344c06f0-e583-4f22-8c11-4fcc12bd0dbb - FileOut: C:\Users\alango\Documents\videos_dest\B084C001_2101258HS02.MXF
DEBUG: 2021/05/11 23:22:18.597628 copy_file.go:25: Request 344c06f0-e583-4f22-8c11-4fcc12bd0dbb - Overwrite: false
DEBUG: 2021/05/11 23:22:18.597628 copy_file.go:52: Request 344c06f0-e583-4f22-8c11-4fcc12bd0dbb - Destination file "C:\Users\alango\Documents\videos_dest\B084C001_2101258HS02.MXF" exists. No operations done
DEBUG: 2021/05/11 23:22:18.951769 copy_file.go:126: Request 344c06f0-e583-4f22-8c11-4fcc12bd0dbb - Status endpoint returned with: { 'message': 'File not copied due to already existing and overwrite was set to off', 'data': { 'body': { 'file_in': 'C:UsersalangoDocumentsideosB084C001_2101258HS02.MXF', 'file_out': 'C:UsersalangoDocumentsideos_destB084C001_2101258HS02.MXF', 'overwrite': false }, 'bytesWritten': -1, 'status': 200 } }
DEBUG: 2021/05/11 23:23:16.196548 decorators.go:46: Request b9a50f33-916d-4a6e-8d57-456af903ad3b - Auth URL used for this request: http://localhost:7000
ERROR: 2021/05/11 23:23:16.211455 decorators.go:64: Request b9a50f33-916d-4a6e-8d57-456af903ad3b - Authorized by http://localhost:7000 with token [logtokens disabled]. Processing request.
DEBUG: 2021/05/11 23:23:16.211455 copy_file.go:148: [request] id: Request b9a50f33-916d-4a6e-8d57-456af903ad3b - POST to /copy from (referer not sent)
DEBUG: 2021/05/11 23:23:16.211455 copy_file.go:151: Request b9a50f33-916d-4a6e-8d57-456af903ad3b - Starting copy process handling
DEBUG: 2021/05/11 23:23:16.211455 copy_file.go:152: Request b9a50f33-916d-4a6e-8d57-456af903ad3b - Request body: 
{"file_in": "C:\\Users\\alango\\Documents\\videos\\B084C001_2101258HS02.MXF", "file_out": "C:\\Users\\alango\\Documents\\videos_dest\\B084C001_2101258HS02.MXF", "overwrite": false}
DEBUG: 2021/05/11 23:23:16.211983 verifiers.go:29: Request b9a50f33-916d-4a6e-8d57-456af903ad3b - Request is async
DEBUG: 2021/05/11 23:23:16.212281 copy_file.go:168: Request b9a50f33-916d-4a6e-8d57-456af903ad3b - Copy process response: {"message":"Copy process started","data":{"body":{"file_in":"C:\\Users\\alango\\Documents\\videos\\B084C001_2101258HS02.MXF","file_out":"C:\\Users\\alango\\Documents\\videos_dest\\B084C001_2101258HS02.MXF","overwrite":false}}}
DEBUG: 2021/05/11 23:23:16.212809 copy_file.go:22: Request b9a50f33-916d-4a6e-8d57-456af903ad3b - Starting copy.
DEBUG: 2021/05/11 23:23:16.212809 copy_file.go:23: Request b9a50f33-916d-4a6e-8d57-456af903ad3b - FileIn: C:\Users\alango\Documents\videos\B084C001_2101258HS02.MXF
DEBUG: 2021/05/11 23:23:16.212809 copy_file.go:24: Request b9a50f33-916d-4a6e-8d57-456af903ad3b - FileOut: C:\Users\alango\Documents\videos_dest\B084C001_2101258HS02.MXF
DEBUG: 2021/05/11 23:23:16.212809 copy_file.go:25: Request b9a50f33-916d-4a6e-8d57-456af903ad3b - Overwrite: false
DEBUG: 2021/05/11 23:23:16.212809 copy_file.go:52: Request b9a50f33-916d-4a6e-8d57-456af903ad3b - Destination file "C:\Users\alango\Documents\videos_dest\B084C001_2101258HS02.MXF" exists. No operations done
DEBUG: 2021/05/11 23:23:16.561130 copy_file.go:126: Request b9a50f33-916d-4a6e-8d57-456af903ad3b - Status endpoint returned with: {"message": "File not copied due to already existing and overwrite was set to off","data": {"body": {"file_in": "C:UsersalangoDocumentsideosB084C001_2101258HS02.MXF","file_out": "C:UsersalangoDocumentsideos_destB084C001_2101258HS02.MXF","overwrite": false},"bytesWritten": -1,"status": 200}}
DEBUG: 2021/05/11 23:24:15.209614 decorators.go:46: Request d7b523f2-e466-405d-a4c5-fddba1e9eb0d - Auth URL used for this request: http://localhost:7000
ERROR: 2021/05/11 23:24:15.224900 decorators.go:64: Request d7b523f2-e466-405d-a4c5-fddba1e9eb0d - Authorized by http://localhost:7000 with token [logtokens disabled]. Processing request.
DEBUG: 2021/05/11 23:24:15.224900 copy_file.go:148: [request] id: Request d7b523f2-e466-405d-a4c5-fddba1e9eb0d - POST to /copy from (referer not sent)
DEBUG: 2021/05/11 23:24:15.224900 copy_file.go:151: Request d7b523f2-e466-405d-a4c5-fddba1e9eb0d - Starting copy process handling
DEBUG: 2021/05/11 23:24:15.224900 copy_file.go:152: Request d7b523f2-e466-405d-a4c5-fddba1e9eb0d - Request body: 
{"file_in": "C:\\Users\\alango\\Documents\\videos\\B084C001_2101258HS02.MXF", "file_out": "C:\\Users\\alango\\Documents\\videos_dest\\B084C001_2101258HS02.MXF", "overwrite": false}
DEBUG: 2021/05/11 23:24:15.224900 verifiers.go:29: Request d7b523f2-e466-405d-a4c5-fddba1e9eb0d - Request is async
DEBUG: 2021/05/11 23:24:15.231426 copy_file.go:168: Request d7b523f2-e466-405d-a4c5-fddba1e9eb0d - Copy process response: {"message":"Copy process started","data":{"body":{"file_in":"C:\\Users\\alango\\Documents\\videos\\B084C001_2101258HS02.MXF","file_out":"C:\\Users\\alango\\Documents\\videos_dest\\B084C001_2101258HS02.MXF","overwrite":false}}}
DEBUG: 2021/05/11 23:24:15.232427 copy_file.go:22: Request d7b523f2-e466-405d-a4c5-fddba1e9eb0d - Starting copy.
DEBUG: 2021/05/11 23:24:15.232427 copy_file.go:23: Request d7b523f2-e466-405d-a4c5-fddba1e9eb0d - FileIn: C:\Users\alango\Documents\videos\B084C001_2101258HS02.MXF
DEBUG: 2021/05/11 23:24:15.233426 copy_file.go:24: Request d7b523f2-e466-405d-a4c5-fddba1e9eb0d - FileOut: C:\Users\alango\Documents\videos_dest\B084C001_2101258HS02.MXF
DEBUG: 2021/05/11 23:24:15.233426 copy_file.go:25: Request d7b523f2-e466-405d-a4c5-fddba1e9eb0d - Overwrite: false
DEBUG: 2021/05/11 23:24:15.233426 copy_file.go:52: Request d7b523f2-e466-405d-a4c5-fddba1e9eb0d - Destination file "C:\Users\alango\Documents\videos_dest\B084C001_2101258HS02.MXF" exists. No operations done
DEBUG: 2021/05/11 23:24:15.585404 copy_file.go:126: Request d7b523f2-e466-405d-a4c5-fddba1e9eb0d - Status endpoint returned with: {"message": "File not copied due to already existing and overwrite was set to off","data": {"body": {"file_in": "C:UsersalangoDocumentsideosB084C001_2101258HS02.MXF","file_out": "C:UsersalangoDocumentsideos_destB084C001_2101258HS02.MXF","overwrite": false},"bytesWritten": -1,"status": 200}}
DEBUG: 2021/05/11 23:24:49.594065 helpers.go:39: Ctrl+C pressed in Terminal
DEBUG: 2021/05/11 23:24:49.610764 helpers.go:40: Stopping FhaaS
DEBUG: 2021/05/11 23:33:38.892241 main.go:63: Starting FhaaS
DEBUG: 2021/05/11 23:33:38.892241 set_flags.go:24: Using http://localhost:7000 as url for authorization.
DEBUG: 2021/05/11 23:33:38.892241 set_flags.go:36: logtokens is set to true.
WARN: 2021/05/11 23:33:38.892241 set_flags.go:37: logtokens is set to true. Though it is useful to verify authorization fails it exposes "credential-like" informations on logs.
DEBUG: 2021/05/11 23:33:41.609990 decorators.go:46: Request e50e4820-8be1-4af2-be49-ce466931b82b - Auth URL used for this request: http://localhost:7000
ERROR: 2021/05/11 23:33:41.635607 decorators.go:64: Request e50e4820-8be1-4af2-be49-ce466931b82b - Authorized by http://localhost:7000 with token [logtokens disabled]. Processing request.
DEBUG: 2021/05/11 23:33:41.635607 copy_file.go:147: [request] id: Request e50e4820-8be1-4af2-be49-ce466931b82b - POST to /copy from (referer not sent)
DEBUG: 2021/05/11 23:33:41.635607 copy_file.go:150: Request e50e4820-8be1-4af2-be49-ce466931b82b - Starting copy process handling
DEBUG: 2021/05/11 23:33:41.635607 copy_file.go:151: Request e50e4820-8be1-4af2-be49-ce466931b82b - Request body: 
{"file_in": "C:\\Users\\alango\\Documents\\videos\\B084C001_2101258HS02.MXF", "file_out": "C:\\Users\\alango\\Documents\\videos_dest\\B084C001_2101258HS02.MXF", "overwrite": false}
DEBUG: 2021/05/11 23:33:41.636136 verifiers.go:29: Request e50e4820-8be1-4af2-be49-ce466931b82b - Request is async
DEBUG: 2021/05/11 23:33:41.636136 copy_file.go:159: Request e50e4820-8be1-4af2-be49-ce466931b82b - Status will be sent to http://localhost:3500/status
DEBUG: 2021/05/11 23:33:41.636136 copy_file.go:20: Request e50e4820-8be1-4af2-be49-ce466931b82b - Starting copy.
DEBUG: 2021/05/11 23:33:41.636136 copy_file.go:21: Request e50e4820-8be1-4af2-be49-ce466931b82b - FileIn: C:\Users\alango\Documents\videos\B084C001_2101258HS02.MXF
DEBUG: 2021/05/11 23:33:41.636136 copy_file.go:22: Request e50e4820-8be1-4af2-be49-ce466931b82b - FileOut: C:\Users\alango\Documents\videos_dest\B084C001_2101258HS02.MXF
DEBUG: 2021/05/11 23:33:41.636136 copy_file.go:23: Request e50e4820-8be1-4af2-be49-ce466931b82b - Overwrite: false
DEBUG: 2021/05/11 23:33:41.636136 copy_file.go:172: Request e50e4820-8be1-4af2-be49-ce466931b82b - Copy process response: {"message":"Copy process started","data":{"body":{"file_in":"C:\\Users\\alango\\Documents\\videos\\B084C001_2101258HS02.MXF","file_out":"C:\\Users\\alango\\Documents\\videos_dest\\B084C001_2101258HS02.MXF","overwrite":false}}}
DEBUG: 2021/05/11 23:33:41.637131 copy_file.go:50: Request e50e4820-8be1-4af2-be49-ce466931b82b - Destination file "C:\Users\alango\Documents\videos_dest\B084C001_2101258HS02.MXF" exists. No operations done
DEBUG: 2021/05/11 23:33:41.662132 copy_file.go:107: Request e50e4820-8be1-4af2-be49-ce466931b82b - Sending status to http://localhost:3500/status
DEBUG: 2021/05/11 23:33:42.083736 copy_file.go:125: Request e50e4820-8be1-4af2-be49-ce466931b82b - Status endpoint returned with: {"message": "File not copied due to already existing and overwrite was set to false","data": {"body": {"file_in": "C:UsersalangoDocumentsideosB084C001_2101258HS02.MXF","file_out": "C:UsersalangoDocumentsideos_destB084C001_2101258HS02.MXF","overwrite": false},"bytesWritten": -1,"status": 200}}
DEBUG: 2021/05/11 23:34:23.382793 decorators.go:46: Request 3ad13550-ab60-466e-bcc8-66c3dd944087 - Auth URL used for this request: http://localhost:7000
ERROR: 2021/05/11 23:34:23.395243 decorators.go:64: Request 3ad13550-ab60-466e-bcc8-66c3dd944087 - Authorized by http://localhost:7000 with token [logtokens disabled]. Processing request.
DEBUG: 2021/05/11 23:34:23.395243 copy_file.go:147: [request] id: Request 3ad13550-ab60-466e-bcc8-66c3dd944087 - POST to /copy from (referer not sent)
DEBUG: 2021/05/11 23:34:23.396122 copy_file.go:150: Request 3ad13550-ab60-466e-bcc8-66c3dd944087 - Starting copy process handling
DEBUG: 2021/05/11 23:34:23.396122 copy_file.go:151: Request 3ad13550-ab60-466e-bcc8-66c3dd944087 - Request body: 
{"file_in": "C:\\Users\\alango\\Documents\\videos\\B084C001_2101258HS02.MXF", "file_out": "C:\\Users\\alango\\Documents\\videos_dest\\B084C001_2101258HS02.MXF", "overwrite": true}
DEBUG: 2021/05/11 23:34:23.396122 verifiers.go:29: Request 3ad13550-ab60-466e-bcc8-66c3dd944087 - Request is async
DEBUG: 2021/05/11 23:34:23.396122 copy_file.go:159: Request 3ad13550-ab60-466e-bcc8-66c3dd944087 - Status will be sent to http://localhost:3500/status
DEBUG: 2021/05/11 23:34:23.396122 copy_file.go:172: Request 3ad13550-ab60-466e-bcc8-66c3dd944087 - Copy process response: {"message":"Copy process started","data":{"body":{"file_in":"C:\\Users\\alango\\Documents\\videos\\B084C001_2101258HS02.MXF","file_out":"C:\\Users\\alango\\Documents\\videos_dest\\B084C001_2101258HS02.MXF","overwrite":true}}}
DEBUG: 2021/05/11 23:34:23.396636 copy_file.go:20: Request 3ad13550-ab60-466e-bcc8-66c3dd944087 - Starting copy.
DEBUG: 2021/05/11 23:34:23.396636 copy_file.go:21: Request 3ad13550-ab60-466e-bcc8-66c3dd944087 - FileIn: C:\Users\alango\Documents\videos\B084C001_2101258HS02.MXF
DEBUG: 2021/05/11 23:34:23.396636 copy_file.go:22: Request 3ad13550-ab60-466e-bcc8-66c3dd944087 - FileOut: C:\Users\alango\Documents\videos_dest\B084C001_2101258HS02.MXF
DEBUG: 2021/05/11 23:34:23.396636 copy_file.go:23: Request 3ad13550-ab60-466e-bcc8-66c3dd944087 - Overwrite: true
DEBUG: 2021/05/11 23:34:23.550412 copy_file.go:47: Request 3ad13550-ab60-466e-bcc8-66c3dd944087 - File C:\Users\alango\Documents\videos\B084C001_2101258HS02.MXF copied to C:\Users\alango\Documents\videos_dest\B084C001_2101258HS02.MXF successfully
DEBUG: 2021/05/11 23:34:23.550948 copy_file.go:107: Request 3ad13550-ab60-466e-bcc8-66c3dd944087 - Sending status to http://localhost:3500/status
DEBUG: 2021/05/11 23:34:23.901148 copy_file.go:125: Request 3ad13550-ab60-466e-bcc8-66c3dd944087 - Status endpoint returned with: {"message": "File copied successfully","data": {"body": {"file_in": "C:UsersalangoDocumentsideosB084C001_2101258HS02.MXF","file_out": "C:UsersalangoDocumentsideos_destB084C001_2101258HS02.MXF","overwrite": true},"bytesWritten": 56117820,"status": 201}}
DEBUG: 2021/05/11 23:35:21.982704 decorators.go:46: Request f9cb1c19-c401-49ac-90e9-9bc2641994e3 - Auth URL used for this request: http://localhost:7000
ERROR: 2021/05/11 23:35:21.998045 decorators.go:64: Request f9cb1c19-c401-49ac-90e9-9bc2641994e3 - Authorized by http://localhost:7000 with token [logtokens disabled]. Processing request.
DEBUG: 2021/05/11 23:35:21.998045 copy_file.go:147: [request] id: Request f9cb1c19-c401-49ac-90e9-9bc2641994e3 - POST to /copy from (referer not sent)
DEBUG: 2021/05/11 23:35:21.998045 copy_file.go:150: Request f9cb1c19-c401-49ac-90e9-9bc2641994e3 - Starting copy process handling
DEBUG: 2021/05/11 23:35:21.998045 copy_file.go:151: Request f9cb1c19-c401-49ac-90e9-9bc2641994e3 - Request body: 
{"file_in": "C:\\Users\\alango\\Documents\\videos\\B084C001_2101258HiS02.MXF", "file_out": "C:\\Users\\alango\\Documents\\videos_dest\\B084C001_2101258HS02.MXF", "overwrite": true}
DEBUG: 2021/05/11 23:35:21.998620 verifiers.go:29: Request f9cb1c19-c401-49ac-90e9-9bc2641994e3 - Request is async
DEBUG: 2021/05/11 23:35:21.998620 copy_file.go:159: Request f9cb1c19-c401-49ac-90e9-9bc2641994e3 - Status will be sent to http://localhost:3500/status
DEBUG: 2021/05/11 23:35:21.998620 copy_file.go:20: Request f9cb1c19-c401-49ac-90e9-9bc2641994e3 - Starting copy.
DEBUG: 2021/05/11 23:35:21.998620 copy_file.go:21: Request f9cb1c19-c401-49ac-90e9-9bc2641994e3 - FileIn: C:\Users\alango\Documents\videos\B084C001_2101258HiS02.MXF
DEBUG: 2021/05/11 23:35:21.998620 copy_file.go:22: Request f9cb1c19-c401-49ac-90e9-9bc2641994e3 - FileOut: C:\Users\alango\Documents\videos_dest\B084C001_2101258HS02.MXF
DEBUG: 2021/05/11 23:35:21.999136 copy_file.go:23: Request f9cb1c19-c401-49ac-90e9-9bc2641994e3 - Overwrite: true
DEBUG: 2021/05/11 23:36:06.817349 main.go:63: Starting FhaaS
DEBUG: 2021/05/11 23:36:06.817349 set_flags.go:24: Using http://localhost:7000 as url for authorization.
DEBUG: 2021/05/11 23:36:06.817349 set_flags.go:36: logtokens is set to true.
WARN: 2021/05/11 23:36:06.817349 set_flags.go:37: logtokens is set to true. Though it is useful to verify authorization fails it exposes "credential-like" informations on logs.
DEBUG: 2021/05/11 23:36:10.515156 decorators.go:46: Request e265e6ea-6764-4283-915c-66ff95108682 - Auth URL used for this request: http://localhost:7000
ERROR: 2021/05/11 23:36:10.563127 decorators.go:64: Request e265e6ea-6764-4283-915c-66ff95108682 - Authorized by http://localhost:7000 with token [logtokens disabled]. Processing request.
DEBUG: 2021/05/11 23:36:10.563127 copy_file.go:150: [request] id: Request e265e6ea-6764-4283-915c-66ff95108682 - POST to /copy from (referer not sent)
DEBUG: 2021/05/11 23:36:10.564128 copy_file.go:153: Request e265e6ea-6764-4283-915c-66ff95108682 - Starting copy process handling
DEBUG: 2021/05/11 23:36:10.564128 copy_file.go:154: Request e265e6ea-6764-4283-915c-66ff95108682 - Request body: 
{"file_in": "C:\\Users\\alango\\Documents\\videos\\B084C001_2101258HiS02.MXF", "file_out": "C:\\Users\\alango\\Documents\\videos_dest\\B084C001_2101258HS02.MXF", "overwrite": true}
DEBUG: 2021/05/11 23:36:10.564128 verifiers.go:29: Request e265e6ea-6764-4283-915c-66ff95108682 - Request is async
DEBUG: 2021/05/11 23:36:10.564128 copy_file.go:162: Request e265e6ea-6764-4283-915c-66ff95108682 - Status will be sent to http://localhost:3500/status
DEBUG: 2021/05/11 23:36:10.565127 copy_file.go:175: Request e265e6ea-6764-4283-915c-66ff95108682 - Copy process response: {"message":"Copy process started","data":{"body":{"file_in":"C:\\Users\\alango\\Documents\\videos\\B084C001_2101258HiS02.MXF","file_out":"C:\\Users\\alango\\Documents\\videos_dest\\B084C001_2101258HS02.MXF","overwrite":true}}}
DEBUG: 2021/05/11 23:36:10.565127 copy_file.go:20: Request e265e6ea-6764-4283-915c-66ff95108682 - Starting copy.
DEBUG: 2021/05/11 23:36:10.565127 copy_file.go:21: Request e265e6ea-6764-4283-915c-66ff95108682 - FileIn: C:\Users\alango\Documents\videos\B084C001_2101258HiS02.MXF
DEBUG: 2021/05/11 23:36:10.565127 copy_file.go:22: Request e265e6ea-6764-4283-915c-66ff95108682 - FileOut: C:\Users\alango\Documents\videos_dest\B084C001_2101258HS02.MXF
DEBUG: 2021/05/11 23:36:10.565127 copy_file.go:23: Request e265e6ea-6764-4283-915c-66ff95108682 - Overwrite: true
ERROR: 2021/05/11 23:36:10.568133 copy_file.go:91: While processing copy on Request e265e6ea-6764-4283-915c-66ff95108682: open C:\Users\alango\Documents\videos\B084C001_2101258HiS02.MXF: O sistema no pode encontrar o arquivo especificado.
DEBUG: 2021/05/11 23:36:10.568133 copy_file.go:110: Request e265e6ea-6764-4283-915c-66ff95108682 - Sending status to http://localhost:3500/status
DEBUG: 2021/05/11 23:36:10.933924 copy_file.go:128: Request e265e6ea-6764-4283-915c-66ff95108682 - Status endpoint returned with: {"message": "Operation failed","data": {"body": {"file_in": "C:UsersalangoDocumentsideosB084C001_2101258HiS02.MXF","file_out": "C:UsersalangoDocumentsideos_destB084C001_2101258HS02.MXF","overwrite": true},"bytesWritten": 0,"status": 500}}
DEBUG: 2021/05/11 23:37:13.472812 helpers.go:39: Ctrl+C pressed in Terminal
DEBUG: 2021/05/11 23:37:13.472812 helpers.go:40: Stopping FhaaS
DEBUG: 2021/05/11 23:39:03.963338 main.go:63: Starting FhaaS
DEBUG: 2021/05/11 23:39:03.963897 set_flags.go:24: Using http://localhost:7000 as url for authorization.
DEBUG: 2021/05/11 23:39:03.963897 set_flags.go:36: logtokens is set to true.
WARN: 2021/05/11 23:39:03.963897 set_flags.go:37: logtokens is set to true. Though it is useful to verify authorization fails it exposes "credential-like" informations on logs.
DEBUG: 2021/05/11 23:39:06.891139 decorators.go:46: Request 2d57ea33-e3a7-43e9-91d3-96d682744f56 - Auth URL used for this request: http://localhost:7000
ERROR: 2021/05/11 23:39:06.939687 decorators.go:64: Request 2d57ea33-e3a7-43e9-91d3-96d682744f56 - Authorized by http://localhost:7000 with token [logtokens disabled]. Processing request.
DEBUG: 2021/05/11 23:39:06.940215 copy_file.go:151: [request] id: Request 2d57ea33-e3a7-43e9-91d3-96d682744f56 - POST to /copy from (referer not sent)
DEBUG: 2021/05/11 23:39:06.940215 copy_file.go:154: Request 2d57ea33-e3a7-43e9-91d3-96d682744f56 - Starting copy process handling
DEBUG: 2021/05/11 23:39:06.940215 copy_file.go:155: Request 2d57ea33-e3a7-43e9-91d3-96d682744f56 - Request body: 
{"file_in": "C:\\Users\\alango\\Documents\\videos\\B084C001_2101258HiS02.MXF", "file_out": "C:\\Users\\alango\\Documents\\videos_dest\\B084C001_2101258HS02.MXF", "overwrite": true}
DEBUG: 2021/05/11 23:39:06.942247 verifiers.go:29: Request 2d57ea33-e3a7-43e9-91d3-96d682744f56 - Request is async
DEBUG: 2021/05/11 23:39:06.942247 copy_file.go:163: Request 2d57ea33-e3a7-43e9-91d3-96d682744f56 - Status will be sent to http://localhost:3500/status
DEBUG: 2021/05/11 23:39:06.942247 copy_file.go:176: Request 2d57ea33-e3a7-43e9-91d3-96d682744f56 - Copy process response: {"message":"Copy process started","data":{"body":{"file_in":"C:\\Users\\alango\\Documents\\videos\\B084C001_2101258HiS02.MXF","file_out":"C:\\Users\\alango\\Documents\\videos_dest\\B084C001_2101258HS02.MXF","overwrite":true}}}
DEBUG: 2021/05/11 23:39:06.942247 copy_file.go:21: Request 2d57ea33-e3a7-43e9-91d3-96d682744f56 - Starting copy.
DEBUG: 2021/05/11 23:39:06.942775 copy_file.go:22: Request 2d57ea33-e3a7-43e9-91d3-96d682744f56 - FileIn: C:\Users\alango\Documents\videos\B084C001_2101258HiS02.MXF
DEBUG: 2021/05/11 23:39:06.942775 copy_file.go:23: Request 2d57ea33-e3a7-43e9-91d3-96d682744f56 - FileOut: C:\Users\alango\Documents\videos_dest\B084C001_2101258HS02.MXF
DEBUG: 2021/05/11 23:39:06.942775 copy_file.go:24: Request 2d57ea33-e3a7-43e9-91d3-96d682744f56 - Overwrite: true
ERROR: 2021/05/11 23:39:06.944773 copy_file.go:92: Error while processing copy on Request 2d57ea33-e3a7-43e9-91d3-96d682744f56: open C:\Users\alango\Documents\videos\B084C001_2101258HiS02.MXF: O sistema no pode encontrar o arquivo especificado.
DEBUG: 2021/05/11 23:39:06.945327 copy_file.go:111: Request 2d57ea33-e3a7-43e9-91d3-96d682744f56 - Sending status to http://localhost:3500/status
DEBUG: 2021/05/11 23:39:07.283234 copy_file.go:129: Request 2d57ea33-e3a7-43e9-91d3-96d682744f56 - Status endpoint returned with: {"message": "Operation failed: open C:UsersalangoDocumentsideosB084C001_2101258HiS02.MXF: O sistema no pode encontrar o arquivo especificado.","data": {"body": {"file_in": "C:UsersalangoDocumentsideosB084C001_2101258HiS02.MXF","file_out": "C:UsersalangoDocumentsideos_destB084C001_2101258HS02.MXF","overwrite": true},"bytesWritten": 0,"status": 500}}
DEBUG: 2021/05/11 23:40:27.480983 helpers.go:39: Ctrl+C pressed in Terminal
DEBUG: 2021/05/11 23:40:27.480983 helpers.go:40: Stopping FhaaS
DEBUG: 2021/05/11 23:40:31.270622 main.go:63: Starting FhaaS
DEBUG: 2021/05/11 23:40:31.270622 set_flags.go:24: Using http://localhost:7000 as url for authorization.
DEBUG: 2021/05/11 23:40:31.270622 set_flags.go:36: logtokens is set to true.
WARN: 2021/05/11 23:40:31.270622 set_flags.go:37: logtokens is set to true. Though it is useful to verify authorization fails it exposes "credential-like" informations on logs.
DEBUG: 2021/05/11 23:40:35.693971 decorators.go:46: Request 498b84eb-f620-4d46-a7b3-d36e863a5870 - Auth URL used for this request: http://localhost:7000
ERROR: 2021/05/11 23:40:35.751281 decorators.go:64: Request 498b84eb-f620-4d46-a7b3-d36e863a5870 - Authorized by http://localhost:7000 with token %!s(MISSING). Processing request.
DEBUG: 2021/05/11 23:40:35.751281 copy_file.go:151: [request] id: Request 498b84eb-f620-4d46-a7b3-d36e863a5870 - POST to /copy from (referer not sent)
DEBUG: 2021/05/11 23:40:35.751281 copy_file.go:154: Request 498b84eb-f620-4d46-a7b3-d36e863a5870 - Starting copy process handling
DEBUG: 2021/05/11 23:40:35.751813 copy_file.go:155: Request 498b84eb-f620-4d46-a7b3-d36e863a5870 - Request body: 
{"file_in": "C:\\Users\\alango\\Documents\\videos\\B084C001_2101258HiS02.MXF", "file_out": "C:\\Users\\alango\\Documents\\videos_dest\\B084C001_2101258HS02.MXF", "overwrite": true}
DEBUG: 2021/05/11 23:40:35.751813 verifiers.go:29: Request 498b84eb-f620-4d46-a7b3-d36e863a5870 - Request is async
DEBUG: 2021/05/11 23:40:35.751813 copy_file.go:163: Request 498b84eb-f620-4d46-a7b3-d36e863a5870 - Status will be sent to http://localhost:3500/status
DEBUG: 2021/05/11 23:40:35.752806 copy_file.go:176: Request 498b84eb-f620-4d46-a7b3-d36e863a5870 - Copy process response: {"message":"Copy process started","data":{"body":{"file_in":"C:\\Users\\alango\\Documents\\videos\\B084C001_2101258HiS02.MXF","file_out":"C:\\Users\\alango\\Documents\\videos_dest\\B084C001_2101258HS02.MXF","overwrite":true}}}
DEBUG: 2021/05/11 23:40:35.752806 copy_file.go:21: Request 498b84eb-f620-4d46-a7b3-d36e863a5870 - Starting copy.
DEBUG: 2021/05/11 23:40:35.752806 copy_file.go:22: Request 498b84eb-f620-4d46-a7b3-d36e863a5870 - FileIn: C:\Users\alango\Documents\videos\B084C001_2101258HiS02.MXF
DEBUG: 2021/05/11 23:40:35.752806 copy_file.go:23: Request 498b84eb-f620-4d46-a7b3-d36e863a5870 - FileOut: C:\Users\alango\Documents\videos_dest\B084C001_2101258HS02.MXF
DEBUG: 2021/05/11 23:40:35.752806 copy_file.go:24: Request 498b84eb-f620-4d46-a7b3-d36e863a5870 - Overwrite: true
ERROR: 2021/05/11 23:40:35.754811 copy_file.go:92: Error while processing copy on Request 498b84eb-f620-4d46-a7b3-d36e863a5870: open C:\Users\alango\Documents\videos\B084C001_2101258HiS02.MXF: O sistema no pode encontrar o arquivo especificado.
DEBUG: 2021/05/11 23:40:35.754811 copy_file.go:111: Request 498b84eb-f620-4d46-a7b3-d36e863a5870 - Sending status to http://localhost:3500/status
DEBUG: 2021/05/11 23:40:36.148552 copy_file.go:129: Request 498b84eb-f620-4d46-a7b3-d36e863a5870 - Status endpoint returned with: {"message": "Operation failed: open C:UsersalangoDocumentsideosB084C001_2101258HiS02.MXF: O sistema no pode encontrar o arquivo especificado.","data": {"body": {"file_in": "C:UsersalangoDocumentsideosB084C001_2101258HiS02.MXF","file_out": "C:UsersalangoDocumentsideos_destB084C001_2101258HS02.MXF","overwrite": true},"bytesWritten": 0,"status": 500}}
DEBUG: 2021/05/11 23:40:54.440650 helpers.go:39: Ctrl+C pressed in Terminal
DEBUG: 2021/05/11 23:40:54.440650 helpers.go:40: Stopping FhaaS
DEBUG: 2021/05/11 23:41:40.949762 main.go:63: Starting FhaaS
DEBUG: 2021/05/11 23:41:40.950288 set_flags.go:24: Using http://localhost:7000 as url for authorization.
DEBUG: 2021/05/11 23:41:40.950288 set_flags.go:36: logtokens is set to true.
WARN: 2021/05/11 23:41:40.950288 set_flags.go:37: logtokens is set to true. Though it is useful to verify authorization fails it exposes "credential-like" informations on logs.
DEBUG: 2021/05/11 23:41:54.788574 decorators.go:46: Request 09a51781-f656-49bc-82d2-55aeb17b65cf - Auth URL used for this request: http://localhost:7000
ERROR: 2021/05/11 23:41:54.833416 decorators.go:64: Request 09a51781-f656-49bc-82d2-55aeb17b65cf - Authorized by http://localhost:7000 with token {"token": "zikazikazika"}. Processing request.
DEBUG: 2021/05/11 23:41:54.836430 copy_file.go:151: [request] id: Request 09a51781-f656-49bc-82d2-55aeb17b65cf - POST to /copy from (referer not sent)
DEBUG: 2021/05/11 23:41:54.836430 copy_file.go:154: Request 09a51781-f656-49bc-82d2-55aeb17b65cf - Starting copy process handling
DEBUG: 2021/05/11 23:41:54.836430 copy_file.go:155: Request 09a51781-f656-49bc-82d2-55aeb17b65cf - Request body: 
{"file_in": "C:\\Users\\alango\\Documents\\videos\\B084C001_2101258HiS02.MXF", "file_out": "C:\\Users\\alango\\Documents\\videos_dest\\B084C001_2101258HS02.MXF", "overwrite": true}
DEBUG: 2021/05/11 23:41:54.838466 verifiers.go:29: Request 09a51781-f656-49bc-82d2-55aeb17b65cf - Request is async
DEBUG: 2021/05/11 23:41:54.838466 copy_file.go:163: Request 09a51781-f656-49bc-82d2-55aeb17b65cf - Status will be sent to http://localhost:3500/status
DEBUG: 2021/05/11 23:41:54.838947 copy_file.go:21: Request 09a51781-f656-49bc-82d2-55aeb17b65cf - Starting copy.
DEBUG: 2021/05/11 23:41:54.838947 copy_file.go:22: Request 09a51781-f656-49bc-82d2-55aeb17b65cf - FileIn: C:\Users\alango\Documents\videos\B084C001_2101258HiS02.MXF
DEBUG: 2021/05/11 23:41:54.839461 copy_file.go:23: Request 09a51781-f656-49bc-82d2-55aeb17b65cf - FileOut: C:\Users\alango\Documents\videos_dest\B084C001_2101258HS02.MXF
DEBUG: 2021/05/11 23:41:54.839461 copy_file.go:24: Request 09a51781-f656-49bc-82d2-55aeb17b65cf - Overwrite: true
DEBUG: 2021/05/11 23:41:54.838947 copy_file.go:176: Request 09a51781-f656-49bc-82d2-55aeb17b65cf - Copy process response: {"message":"Copy process started","data":{"body":{"file_in":"C:\\Users\\alango\\Documents\\videos\\B084C001_2101258HiS02.MXF","file_out":"C:\\Users\\alango\\Documents\\videos_dest\\B084C001_2101258HS02.MXF","overwrite":true}}}
ERROR: 2021/05/11 23:41:54.841476 copy_file.go:92: Error while processing copy on Request 09a51781-f656-49bc-82d2-55aeb17b65cf: open C:\Users\alango\Documents\videos\B084C001_2101258HiS02.MXF: O sistema no pode encontrar o arquivo especificado.
DEBUG: 2021/05/11 23:41:54.842479 copy_file.go:111: Request 09a51781-f656-49bc-82d2-55aeb17b65cf - Sending status to http://localhost:3500/status
DEBUG: 2021/05/11 23:41:55.196126 copy_file.go:129: Request 09a51781-f656-49bc-82d2-55aeb17b65cf - Status endpoint returned with: {"message": "Operation failed: open C:UsersalangoDocumentsideosB084C001_2101258HiS02.MXF: O sistema no pode encontrar o arquivo especificado.","data": {"body": {"file_in": "C:UsersalangoDocumentsideosB084C001_2101258HiS02.MXF","file_out": "C:UsersalangoDocumentsideos_destB084C001_2101258HS02.MXF","overwrite": true},"bytesWritten": 0,"status": 500}}
DEBUG: 2021/05/11 23:43:17.376113 helpers.go:39: Ctrl+C pressed in Terminal
DEBUG: 2021/05/11 23:43:17.376113 helpers.go:40: Stopping FhaaS
DEBUG: 2021/05/11 23:43:53.601620 main.go:63: Starting FhaaS
DEBUG: 2021/05/11 23:43:53.601620 set_flags.go:24: Using http://localhost:7000 as url for authorization.
DEBUG: 2021/05/11 23:43:53.601620 set_flags.go:36: logtokens is set to true.
WARN: 2021/05/11 23:43:53.601620 set_flags.go:37: logtokens is set to true. Though it is useful to verify authorization fails it exposes "credential-like" informations on logs.
DEBUG: 2021/05/11 23:44:03.519352 decorators.go:12: [request] id: Request  - POST to /copy from (referer not sent)
DEBUG: 2021/05/11 23:44:03.546596 decorators.go:47: Request 61efbff8-5768-42f9-8106-bd18149fa4f7 - Auth URL used for this request: http://localhost:7000
DEBUG: 2021/05/11 23:44:03.579468 decorators.go:65: Request 61efbff8-5768-42f9-8106-bd18149fa4f7 - Authorized by http://localhost:7000 with token {"token": "zikazikazika"}. Processing request.
DEBUG: 2021/05/11 23:44:03.579468 copy_file.go:154: Request 61efbff8-5768-42f9-8106-bd18149fa4f7 - Starting copy process handling
DEBUG: 2021/05/11 23:44:03.579468 copy_file.go:155: Request 61efbff8-5768-42f9-8106-bd18149fa4f7 - Request body: 
{"file_in": "C:\\Users\\alango\\Documents\\videos\\B084C001_2101258HiS02.MXF", "file_out": "C:\\Users\\alango\\Documents\\videos_dest\\B084C001_2101258HS02.MXF", "overwrite": true}
DEBUG: 2021/05/11 23:44:03.579468 verifiers.go:29: Request 61efbff8-5768-42f9-8106-bd18149fa4f7 - Request is async
DEBUG: 2021/05/11 23:44:03.579468 copy_file.go:163: Request 61efbff8-5768-42f9-8106-bd18149fa4f7 - Status will be sent to http://localhost:3500/status
DEBUG: 2021/05/11 23:44:03.580468 copy_file.go:21: Request 61efbff8-5768-42f9-8106-bd18149fa4f7 - Starting copy.
DEBUG: 2021/05/11 23:44:03.580468 copy_file.go:22: Request 61efbff8-5768-42f9-8106-bd18149fa4f7 - FileIn: C:\Users\alango\Documents\videos\B084C001_2101258HiS02.MXF
DEBUG: 2021/05/11 23:44:03.580468 copy_file.go:23: Request 61efbff8-5768-42f9-8106-bd18149fa4f7 - FileOut: C:\Users\alango\Documents\videos_dest\B084C001_2101258HS02.MXF
DEBUG: 2021/05/11 23:44:03.580468 copy_file.go:24: Request 61efbff8-5768-42f9-8106-bd18149fa4f7 - Overwrite: true
DEBUG: 2021/05/11 23:44:03.580468 copy_file.go:176: Request 61efbff8-5768-42f9-8106-bd18149fa4f7 - Copy process response: {"message":"Copy process started","data":{"body":{"file_in":"C:\\Users\\alango\\Documents\\videos\\B084C001_2101258HiS02.MXF","file_out":"C:\\Users\\alango\\Documents\\videos_dest\\B084C001_2101258HS02.MXF","overwrite":true}}}
ERROR: 2021/05/11 23:44:03.582469 copy_file.go:92: Error while processing copy on Request 61efbff8-5768-42f9-8106-bd18149fa4f7: open C:\Users\alango\Documents\videos\B084C001_2101258HiS02.MXF: O sistema no pode encontrar o arquivo especificado.
DEBUG: 2021/05/11 23:44:03.582469 copy_file.go:111: Request 61efbff8-5768-42f9-8106-bd18149fa4f7 - Sending status to http://localhost:3500/status
DEBUG: 2021/05/11 23:44:03.954012 copy_file.go:129: Request 61efbff8-5768-42f9-8106-bd18149fa4f7 - Status endpoint returned with: {"message": "Operation failed: open C:UsersalangoDocumentsideosB084C001_2101258HiS02.MXF: O sistema no pode encontrar o arquivo especificado.","data": {"body": {"file_in": "C:UsersalangoDocumentsideosB084C001_2101258HiS02.MXF","file_out": "C:UsersalangoDocumentsideos_destB084C001_2101258HS02.MXF","overwrite": true},"bytesWritten": 0,"status": 500}}
DEBUG: 2021/05/11 23:44:28.657254 helpers.go:39: Ctrl+C pressed in Terminal
DEBUG: 2021/05/11 23:44:28.657254 helpers.go:40: Stopping FhaaS
DEBUG: 2021/05/11 23:47:47.465839 main.go:62: Starting FhaaS
DEBUG: 2021/05/11 23:47:47.465839 set_flags.go:24: Using http://localhost:7000 as url for authorization.
DEBUG: 2021/05/11 23:47:47.465839 set_flags.go:36: logtokens is set to true.
WARN: 2021/05/11 23:47:47.465839 set_flags.go:37: logtokens is set to true. Though it is useful to verify authorization fails it exposes "credential-like" informations on logs.
DEBUG: 2021/05/11 23:47:49.439421 decorators.go:13: [request] id: 083190c5-606e-4902-8255-40005d9c7986 - POST to /copy from (referer not sent)
DEBUG: 2021/05/11 23:47:49.451673 decorators.go:47: Request 083190c5-606e-4902-8255-40005d9c7986 - Auth URL used for this request: http://localhost:7000
DEBUG: 2021/05/11 23:47:49.501593 decorators.go:65: Request 083190c5-606e-4902-8255-40005d9c7986 - Authorized by http://localhost:7000 with token {"token": "zikazikazika"}. Processing request.
DEBUG: 2021/05/11 23:47:49.501593 copy_file.go:154: Request 083190c5-606e-4902-8255-40005d9c7986 - Starting copy process handling
DEBUG: 2021/05/11 23:47:49.501593 copy_file.go:155: Request 083190c5-606e-4902-8255-40005d9c7986 - Request body: 
{"file_in": "C:\\Users\\alango\\Documents\\videos\\B084C001_2101258HiS02.MXF", "file_out": "C:\\Users\\alango\\Documents\\videos_dest\\B084C001_2101258HS02.MXF", "overwrite": true}
DEBUG: 2021/05/11 23:47:49.502123 verifiers.go:29: Request 083190c5-606e-4902-8255-40005d9c7986 - Request is async
DEBUG: 2021/05/11 23:47:49.502123 copy_file.go:163: Request 083190c5-606e-4902-8255-40005d9c7986 - Status will be sent to http://localhost:3500/status
DEBUG: 2021/05/11 23:47:49.502123 copy_file.go:176: Request 083190c5-606e-4902-8255-40005d9c7986 - Copy process response: {"message":"Copy process started","data":{"body":{"file_in":"C:\\Users\\alango\\Documents\\videos\\B084C001_2101258HiS02.MXF","file_out":"C:\\Users\\alango\\Documents\\videos_dest\\B084C001_2101258HS02.MXF","overwrite":true}}}
DEBUG: 2021/05/11 23:47:49.502123 copy_file.go:21: Request 083190c5-606e-4902-8255-40005d9c7986 - Starting copy.
DEBUG: 2021/05/11 23:47:49.502123 copy_file.go:22: Request 083190c5-606e-4902-8255-40005d9c7986 - FileIn: C:\Users\alango\Documents\videos\B084C001_2101258HiS02.MXF
DEBUG: 2021/05/11 23:47:49.503119 copy_file.go:23: Request 083190c5-606e-4902-8255-40005d9c7986 - FileOut: C:\Users\alango\Documents\videos_dest\B084C001_2101258HS02.MXF
DEBUG: 2021/05/11 23:47:49.503119 copy_file.go:24: Request 083190c5-606e-4902-8255-40005d9c7986 - Overwrite: true
ERROR: 2021/05/11 23:47:49.504125 copy_file.go:92: Error while processing copy on Request 083190c5-606e-4902-8255-40005d9c7986: open C:\Users\alango\Documents\videos\B084C001_2101258HiS02.MXF: O sistema no pode encontrar o arquivo especificado.
DEBUG: 2021/05/11 23:47:49.505120 copy_file.go:111: Request 083190c5-606e-4902-8255-40005d9c7986 - Sending status to http://localhost:3500/status
DEBUG: 2021/05/11 23:47:49.862273 copy_file.go:129: Request 083190c5-606e-4902-8255-40005d9c7986 - Status endpoint returned with: {"message": "Operation failed: open C:UsersalangoDocumentsideosB084C001_2101258HiS02.MXF: O sistema no pode encontrar o arquivo especificado.","data": {"body": {"file_in": "C:UsersalangoDocumentsideosB084C001_2101258HiS02.MXF","file_out": "C:UsersalangoDocumentsideos_destB084C001_2101258HS02.MXF","overwrite": true},"bytesWritten": 0,"status": 500}}
DEBUG: 2021/05/11 23:49:29.333576 decorators.go:13: [request] id: db6c4d2d-d871-402d-9922-0210e9e033d9 - POST to /copy from (referer not sent)
DEBUG: 2021/05/11 23:49:29.338949 decorators.go:47: Request db6c4d2d-d871-402d-9922-0210e9e033d9 - Auth URL used for this request: http://localhost:7000
DEBUG: 2021/05/11 23:49:29.353714 decorators.go:65: Request db6c4d2d-d871-402d-9922-0210e9e033d9 - Authorized by http://localhost:7000 with token {"token": "zikazikazika"}. Processing request.
DEBUG: 2021/05/11 23:49:29.353714 copy_file.go:154: Request db6c4d2d-d871-402d-9922-0210e9e033d9 - Starting copy process handling
DEBUG: 2021/05/11 23:49:29.353714 copy_file.go:155: Request db6c4d2d-d871-402d-9922-0210e9e033d9 - Request body: 
{"file_in": "C:\\Users\\alango\\Documents\\videos\\B084C001_2101258HiS02.MXF", "file_out": "C:\\Users\\alango\\Documents\\videos_dest\\B084C001_2101258HS02.MXF", "overwrite": true}
DEBUG: 2021/05/11 23:49:29.353714 verifiers.go:26: Request db6c4d2d-d871-402d-9922-0210e9e033d9 - Request is sync
DEBUG: 2021/05/11 23:49:29.353714 copy_file.go:21: Request db6c4d2d-d871-402d-9922-0210e9e033d9 - Starting copy.
DEBUG: 2021/05/11 23:49:29.354233 copy_file.go:22: Request db6c4d2d-d871-402d-9922-0210e9e033d9 - FileIn: C:\Users\alango\Documents\videos\B084C001_2101258HiS02.MXF
DEBUG: 2021/05/11 23:49:29.354233 copy_file.go:23: Request db6c4d2d-d871-402d-9922-0210e9e033d9 - FileOut: C:\Users\alango\Documents\videos_dest\B084C001_2101258HS02.MXF
DEBUG: 2021/05/11 23:49:29.354233 copy_file.go:24: Request db6c4d2d-d871-402d-9922-0210e9e033d9 - Overwrite: true
ERROR: 2021/05/11 23:49:29.361985 copy_file.go:71: While processing copy on Request db6c4d2d-d871-402d-9922-0210e9e033d9: open C:\Users\alango\Documents\videos\B084C001_2101258HiS02.MXF: O sistema no pode encontrar o arquivo especificado.
DEBUG: 2021/05/11 23:49:29.362501 copy_file.go:176: Request db6c4d2d-d871-402d-9922-0210e9e033d9 - Copy process response: {"message":"Operation failed: open C:\\Users\\alango\\Documents\\videos\\B084C001_2101258HiS02.MXF: O sistema no pode encontrar o arquivo especificado.","data":{"body":{"file_in":"C:\\Users\\alango\\Documents\\videos\\B084C001_2101258HiS02.MXF","file_out":"C:\\Users\\alango\\Documents\\videos_dest\\B084C001_2101258HS02.MXF","overwrite":true},"bytesWritten":0}}
DEBUG: 2021/05/11 23:50:04.737536 helpers.go:39: Ctrl+C pressed in Terminal
DEBUG: 2021/05/11 23:50:04.737536 helpers.go:40: Stopping FhaaS
