DEBUG: 2021/05/17 16:11:14.560623 main.go:62: Starting FhaaS
WARN: 2021/05/17 16:11:14.560623 set_flags.go:22: Flag authurl not set. Application will use FHAAS_AUTH_URL environment variable (will be checked in every request). If not set, will use X-Fhaas-Auth-Url header of request. This may be potentially dangerous since any url able to authorize operation can be used
DEBUG: 2021/05/17 16:11:14.560623 set_flags.go:40: logtokens is set to false.
DEBUG: 2021/05/17 16:12:58.943854 decorators.go:13: [request] id: fc37ded2-748d-430a-9e4b-67a1a86a8c71 - PUT to /move from (referer not sent)
DEBUG: 2021/05/17 16:12:58.944409 decorators.go:47: Request fc37ded2-748d-430a-9e4b-67a1a86a8c71 - Auth URL used for this request: http://localhost:7000
DEBUG: 2021/05/17 16:12:58.966682 decorators.go:65: Request fc37ded2-748d-430a-9e4b-67a1a86a8c71 - Authorized by http://localhost:7000 with token [logtokens disabled]. Processing request.
DEBUG: 2021/05/17 16:12:58.966682 move_file.go:160: Request fc37ded2-748d-430a-9e4b-67a1a86a8c71 - Starting move process handling
DEBUG: 2021/05/17 16:12:58.966682 move_file.go:161: Request fc37ded2-748d-430a-9e4b-67a1a86a8c71 - Request body: {"file_in": "C:\\Users\\alango\\Documents\\videos\\topzeira.mxf", "file_out": "C:\\Users\\alango\\Documents\\videos_dest\\topzeira.mxf", "overwrite": true}
DEBUG: 2021/05/17 16:12:58.967204 verifiers.go:29: Request fc37ded2-748d-430a-9e4b-67a1a86a8c71 - Request is async
DEBUG: 2021/05/17 16:12:58.967236 move_file.go:169: Request fc37ded2-748d-430a-9e4b-67a1a86a8c71 - Status will be sent to http://localhost:7000/status
DEBUG: 2021/05/17 16:12:58.967236 move_file.go:21: Request fc37ded2-748d-430a-9e4b-67a1a86a8c71 - Starting move.
DEBUG: 2021/05/17 16:12:58.967236 move_file.go:22: Request fc37ded2-748d-430a-9e4b-67a1a86a8c71 - FileIn: C:\Users\alango\Documents\videos\topzeira.mxf
DEBUG: 2021/05/17 16:12:58.967236 move_file.go:23: Request fc37ded2-748d-430a-9e4b-67a1a86a8c71 - FileOut: C:\Users\alango\Documents\videos_dest\topzeira.mxf
DEBUG: 2021/05/17 16:12:58.967236 move_file.go:24: Request fc37ded2-748d-430a-9e4b-67a1a86a8c71 - Overwrite: true
DEBUG: 2021/05/17 16:12:58.967236 move_file.go:182: Request fc37ded2-748d-430a-9e4b-67a1a86a8c71 - Move process response: {"message":"Move process started","data":{"body":{"file_in":"C:\\Users\\alango\\Documents\\videos\\topzeira.mxf","file_out":"C:\\Users\\alango\\Documents\\videos_dest\\topzeira.mxf","overwrite":true}}}
ERROR: 2021/05/17 16:12:58.969992 move_file.go:98: Error while processing move on Request fc37ded2-748d-430a-9e4b-67a1a86a8c71: open C:\Users\alango\Documents\videos\topzeira.mxf: O sistema não pode encontrar o arquivo especificado.
DEBUG: 2021/05/17 16:12:58.971529 move_file.go:117: Request fc37ded2-748d-430a-9e4b-67a1a86a8c71 - Sending status to http://localhost:7000/status
DEBUG: 2021/05/17 16:12:58.978499 move_file.go:135: Request fc37ded2-748d-430a-9e4b-67a1a86a8c71 - Status endpoint returned with: {"message": "valeu", "data": "{"message":"Operation failed: open C:\\Users\\alango\\Documents\\videos\\topzeira.mxf: O sistema não pode encontrar o arquivo especificado.","data":{"body":{"file_in":"C:\\Users\\alango\\Documents\\videos\\topzeira.mxf","file_out":"C:\\Users\\alango\\Documents\\videos_dest\\topzeira.mxf","overwrite":true},"bytesWritten":0,"status":500}}"}
DEBUG: 2021/05/17 16:14:51.415478 decorators.go:13: [request] id: 5f7ea45f-1b63-4e1a-b098-5870b502103f - PUT to /move from (referer not sent)
DEBUG: 2021/05/17 16:14:51.417087 decorators.go:47: Request 5f7ea45f-1b63-4e1a-b098-5870b502103f - Auth URL used for this request: http://localhost:7000
DEBUG: 2021/05/17 16:14:51.420975 decorators.go:65: Request 5f7ea45f-1b63-4e1a-b098-5870b502103f - Authorized by http://localhost:7000 with token [logtokens disabled]. Processing request.
DEBUG: 2021/05/17 16:14:51.420975 move_file.go:160: Request 5f7ea45f-1b63-4e1a-b098-5870b502103f - Starting move process handling
DEBUG: 2021/05/17 16:14:51.420975 move_file.go:161: Request 5f7ea45f-1b63-4e1a-b098-5870b502103f - Request body: {"file_in": "C:\\Users\\alango\\Documents\\videos\\topzeira.mxf", "file_out": "C:\\Users\\alango\\Documents\\videos_dest\\topzeira.mxf", "overwrite": false}
DEBUG: 2021/05/17 16:14:51.421538 verifiers.go:29: Request 5f7ea45f-1b63-4e1a-b098-5870b502103f - Request is async
DEBUG: 2021/05/17 16:14:51.421538 move_file.go:169: Request 5f7ea45f-1b63-4e1a-b098-5870b502103f - Status will be sent to http://localhost:7000/status
DEBUG: 2021/05/17 16:14:51.421538 move_file.go:182: Request 5f7ea45f-1b63-4e1a-b098-5870b502103f - Move process response: {"message":"Move process started","data":{"body":{"file_in":"C:\\Users\\alango\\Documents\\videos\\topzeira.mxf","file_out":"C:\\Users\\alango\\Documents\\videos_dest\\topzeira.mxf","overwrite":false}}}
DEBUG: 2021/05/17 16:14:51.421538 move_file.go:21: Request 5f7ea45f-1b63-4e1a-b098-5870b502103f - Starting move.
DEBUG: 2021/05/17 16:14:51.421538 move_file.go:22: Request 5f7ea45f-1b63-4e1a-b098-5870b502103f - FileIn: C:\Users\alango\Documents\videos\topzeira.mxf
DEBUG: 2021/05/17 16:14:51.421538 move_file.go:23: Request 5f7ea45f-1b63-4e1a-b098-5870b502103f - FileOut: C:\Users\alango\Documents\videos_dest\topzeira.mxf
DEBUG: 2021/05/17 16:14:51.421538 move_file.go:24: Request 5f7ea45f-1b63-4e1a-b098-5870b502103f - Overwrite: false
DEBUG: 2021/05/17 16:14:51.422063 move_file.go:60: Request 5f7ea45f-1b63-4e1a-b098-5870b502103f - Destination file "C:\Users\alango\Documents\videos_dest\topzeira.mxf" exists. No operations done
DEBUG: 2021/05/17 16:14:51.422063 move_file.go:117: Request 5f7ea45f-1b63-4e1a-b098-5870b502103f - Sending status to http://localhost:7000/status
DEBUG: 2021/05/17 16:14:51.424884 move_file.go:135: Request 5f7ea45f-1b63-4e1a-b098-5870b502103f - Status endpoint returned with: {"message": "valeu", "data": "{"message":"File not moved due to already existing and overwrite was set to false","data":{"body":{"file_in":"C:\\Users\\alango\\Documents\\videos\\topzeira.mxf","file_out":"C:\\Users\\alango\\Documents\\videos_dest\\topzeira.mxf","overwrite":false},"bytesWritten":-1,"status":200}}"}
DEBUG: 2021/05/17 16:21:57.614543 helpers.go:39: Ctrl+C pressed in Terminal
DEBUG: 2021/05/17 16:21:57.614543 helpers.go:40: Stopping FhaaS
DEBUG: 2021/05/17 16:22:04.786309 main.go:62: Starting FhaaS
WARN: 2021/05/17 16:22:04.786309 set_flags.go:22: Flag authurl not set. Application will use FHAAS_AUTH_URL environment variable (will be checked in every request). If not set, will use X-Fhaas-Auth-Url header of request. This may be potentially dangerous since any url able to authorize operation can be used
DEBUG: 2021/05/17 16:22:04.786309 set_flags.go:40: logtokens is set to false.
DEBUG: 2021/05/17 16:31:55.920049 decorators.go:13: [request] id: dd3c8efa-7d16-42ed-a446-6a00df1d6cd0 - PUT to /move from (referer not sent)
DEBUG: 2021/05/17 16:31:55.924314 decorators.go:47: Request dd3c8efa-7d16-42ed-a446-6a00df1d6cd0 - Auth URL used for this request: http://localhost:7000
DEBUG: 2021/05/17 16:31:55.969137 decorators.go:65: Request dd3c8efa-7d16-42ed-a446-6a00df1d6cd0 - Authorized by http://localhost:7000 with token [logtokens disabled]. Processing request.
DEBUG: 2021/05/17 16:31:55.969137 move_file.go:161: Request dd3c8efa-7d16-42ed-a446-6a00df1d6cd0 - Starting move process handling
DEBUG: 2021/05/17 16:31:55.969137 move_file.go:162: Request dd3c8efa-7d16-42ed-a446-6a00df1d6cd0 - Request body: {"file_in": "C:\\Users\\alango\\Documents\\videos\\topzeira.mxf", "file_out": "C:\\Users\\alango\\Documents\\videos_dest\\topzeira.mxf", "overwrite": false}
DEBUG: 2021/05/17 16:31:55.969662 verifiers.go:26: Request dd3c8efa-7d16-42ed-a446-6a00df1d6cd0 - Request is sync
DEBUG: 2021/05/17 16:31:55.970087 move_file.go:21: Request dd3c8efa-7d16-42ed-a446-6a00df1d6cd0 - Starting move.
DEBUG: 2021/05/17 16:31:55.970087 move_file.go:22: Request dd3c8efa-7d16-42ed-a446-6a00df1d6cd0 - FileIn: C:\Users\alango\Documents\videos\topzeira.mxf
DEBUG: 2021/05/17 16:31:55.970087 move_file.go:23: Request dd3c8efa-7d16-42ed-a446-6a00df1d6cd0 - FileOut: C:\Users\alango\Documents\videos_dest\topzeira.mxf
DEBUG: 2021/05/17 16:31:55.970087 move_file.go:24: Request dd3c8efa-7d16-42ed-a446-6a00df1d6cd0 - Overwrite: false
DEBUG: 2021/05/17 16:31:55.970087 move_file.go:60: Request dd3c8efa-7d16-42ed-a446-6a00df1d6cd0 - Destination file "C:\Users\alango\Documents\videos_dest\topzeira.mxf" exists. No operations done
DEBUG: 2021/05/17 16:31:55.970618 move_file.go:183: Request dd3c8efa-7d16-42ed-a446-6a00df1d6cd0 - Move process response: {"message":"File not moved due to already existing and overwrite was set to false","data":{"body":{"file_in":"C:\\Users\\alango\\Documents\\videos\\topzeira.mxf","file_out":"C:\\Users\\alango\\Documents\\videos_dest\\topzeira.mxf","overwrite":false},"bytesWritten":-1}}
DEBUG: 2021/05/17 16:32:09.860150 decorators.go:13: [request] id: b49571c1-98ed-49da-89f0-64aa9b366f65 - PUT to /move from (referer not sent)
DEBUG: 2021/05/17 16:32:09.868057 decorators.go:47: Request b49571c1-98ed-49da-89f0-64aa9b366f65 - Auth URL used for this request: http://localhost:7000
DEBUG: 2021/05/17 16:32:09.879799 decorators.go:65: Request b49571c1-98ed-49da-89f0-64aa9b366f65 - Authorized by http://localhost:7000 with token [logtokens disabled]. Processing request.
DEBUG: 2021/05/17 16:32:09.879799 move_file.go:161: Request b49571c1-98ed-49da-89f0-64aa9b366f65 - Starting move process handling
DEBUG: 2021/05/17 16:32:09.879799 move_file.go:162: Request b49571c1-98ed-49da-89f0-64aa9b366f65 - Request body: {"file_in": "C:\\Users\\alango\\Documents\\videos\\topzeira.mxf", "file_out": "C:\\Users\\alango\\Documents\\videos_dest\\topzeira.mxf", "overwrite": true}
DEBUG: 2021/05/17 16:32:09.879799 verifiers.go:26: Request b49571c1-98ed-49da-89f0-64aa9b366f65 - Request is sync
DEBUG: 2021/05/17 16:32:09.879799 move_file.go:21: Request b49571c1-98ed-49da-89f0-64aa9b366f65 - Starting move.
DEBUG: 2021/05/17 16:32:09.880799 move_file.go:22: Request b49571c1-98ed-49da-89f0-64aa9b366f65 - FileIn: C:\Users\alango\Documents\videos\topzeira.mxf
DEBUG: 2021/05/17 16:32:09.880799 move_file.go:23: Request b49571c1-98ed-49da-89f0-64aa9b366f65 - FileOut: C:\Users\alango\Documents\videos_dest\topzeira.mxf
DEBUG: 2021/05/17 16:32:09.880799 move_file.go:24: Request b49571c1-98ed-49da-89f0-64aa9b366f65 - Overwrite: true
DEBUG: 2021/05/17 16:32:10.293948 move_file.go:51: Request b49571c1-98ed-49da-89f0-64aa9b366f65 - File C:\Users\alango\Documents\videos\topzeira.mxf moved to C:\Users\alango\Documents\videos_dest\topzeira.mxf successfully
DEBUG: 2021/05/17 16:32:10.300945 move_file.go:54: Request b49571c1-98ed-49da-89f0-64aa9b366f65 - Removing C:\Users\alango\Documents\videos\topzeira.mxf source file
DEBUG: 2021/05/17 16:32:10.314037 move_file.go:183: Request b49571c1-98ed-49da-89f0-64aa9b366f65 - Move process response: {"message":"File moved successfully","data":{"body":{"file_in":"C:\\Users\\alango\\Documents\\videos\\topzeira.mxf","file_out":"C:\\Users\\alango\\Documents\\videos_dest\\topzeira.mxf","overwrite":true},"bytesWritten":56117820}}
DEBUG: 2021/05/17 17:54:18.189681 helpers.go:39: Ctrl+C pressed in Terminal
DEBUG: 2021/05/17 17:54:18.191789 helpers.go:40: Stopping FhaaS
DEBUG: 2021/05/17 18:52:56.000636 main.go:62: Starting FhaaS
WARN: 2021/05/17 18:52:56.001206 set_flags.go:22: Flag authurl not set. Application will use FHAAS_AUTH_URL environment variable (will be checked in every request). If not set, will use X-Fhaas-Auth-Url header of request. This may be potentially dangerous since any url able to authorize operation can be used
DEBUG: 2021/05/17 18:52:56.001206 set_flags.go:40: logtokens is set to false.
DEBUG: 2021/05/17 18:53:09.459086 decorators.go:13: [request] id: e6aa6ab0-1c74-40ea-b504-9dd87d7bd193 - POST to /copy from (referer not sent)
DEBUG: 2021/05/17 18:53:09.573650 decorators.go:47: Request e6aa6ab0-1c74-40ea-b504-9dd87d7bd193 - Auth URL used for this request: http://localhost:7000
DEBUG: 2021/05/17 18:53:09.659409 decorators.go:65: Request e6aa6ab0-1c74-40ea-b504-9dd87d7bd193 - Authorized by http://localhost:7000 with token [logtokens disabled]. Processing request.
DEBUG: 2021/05/17 18:53:09.659409 copy_file.go:155: Request e6aa6ab0-1c74-40ea-b504-9dd87d7bd193 - Starting copy process handling
DEBUG: 2021/05/17 18:53:09.660449 copy_file.go:156: Request e6aa6ab0-1c74-40ea-b504-9dd87d7bd193 - Request body: [{"file_in": "C:\\Users\\alango\\Documents\\videos\\B084C003_210125I4S02.MXF", "file_out": "C:\\Users\\alango\\Documents\\videos_dest\\B084C003_210125I4S02.MXF", "overwrite": true}, {"file_in": "C:\\Users\\alango\\Documents\\videos\\B084C005_210125D4S02.MXF", "file_out": "C:\\Users\\alango\\Documents\\videos_dest\\B084C005_210125D4S02.MXF", "overwrite": true}]
ERROR: 2021/05/17 18:53:09.660449 copy_file.go:160: Request e6aa6ab0-1c74-40ea-b504-9dd87d7bd193 - Fhaas received a malformed request: json: cannot unmarshal array into Go value of type main.FileCopyBody
DEBUG: 2021/05/17 18:53:09.660734 verifiers.go:26: Request e6aa6ab0-1c74-40ea-b504-9dd87d7bd193 - Request is sync
DEBUG: 2021/05/17 18:53:09.660840 copy_file.go:21: Request e6aa6ab0-1c74-40ea-b504-9dd87d7bd193 - Starting copy.
DEBUG: 2021/05/17 18:53:09.660840 copy_file.go:22: Request e6aa6ab0-1c74-40ea-b504-9dd87d7bd193 - FileIn: 
DEBUG: 2021/05/17 18:53:09.660840 copy_file.go:23: Request e6aa6ab0-1c74-40ea-b504-9dd87d7bd193 - FileOut: 
DEBUG: 2021/05/17 18:53:09.660840 copy_file.go:24: Request e6aa6ab0-1c74-40ea-b504-9dd87d7bd193 - Overwrite: false
ERROR: 2021/05/17 18:53:09.662081 copy_file.go:71: While processing copy on Request e6aa6ab0-1c74-40ea-b504-9dd87d7bd193: open : O sistema não pode encontrar o arquivo especificado.
DEBUG: 2021/05/17 18:53:09.662081 copy_file.go:180: Request e6aa6ab0-1c74-40ea-b504-9dd87d7bd193 - Copy process response: {"message":"Operation failed: open : O sistema não pode encontrar o arquivo especificado.","data":{"body":{"file_in":"","file_out":"","overwrite":false},"bytesWritten":0}}
DEBUG: 2021/05/17 18:54:22.196415 decorators.go:13: [request] id: 0a0a0b1f-8ccf-483f-ae8a-976e26ff3fc2 - POST to /copy from (referer not sent)
DEBUG: 2021/05/17 18:54:22.200965 decorators.go:47: Request 0a0a0b1f-8ccf-483f-ae8a-976e26ff3fc2 - Auth URL used for this request: http://localhost:7000
DEBUG: 2021/05/17 18:54:22.209318 decorators.go:65: Request 0a0a0b1f-8ccf-483f-ae8a-976e26ff3fc2 - Authorized by http://localhost:7000 with token [logtokens disabled]. Processing request.
DEBUG: 2021/05/17 18:54:22.209318 copy_file.go:155: Request 0a0a0b1f-8ccf-483f-ae8a-976e26ff3fc2 - Starting copy process handling
DEBUG: 2021/05/17 18:54:22.209318 copy_file.go:156: Request 0a0a0b1f-8ccf-483f-ae8a-976e26ff3fc2 - Request body: [{"file_in""C:\\Users\\alango\\Documents\\videos\\B084C003_210125I4S02.MXF", "file_out": "C:\\Users\\alango\\Documents\\videos_dest\\B084C003_210125I4S02.MXF", "overwrite": true}, {"file_in": "C:\\Users\\alango\\Documents\\videos\\B084C005_210125D4S02.MXF", "file_out": "C:\\Users\\alango\\Documents\\videos_dest\\B084C005_210125D4S02.MXF", "overwrite": true}]
ERROR: 2021/05/17 18:54:22.209318 copy_file.go:160: Request 0a0a0b1f-8ccf-483f-ae8a-976e26ff3fc2 - Fhaas received a malformed request: invalid character '"' after object key
DEBUG: 2021/05/17 18:54:22.209318 verifiers.go:26: Request 0a0a0b1f-8ccf-483f-ae8a-976e26ff3fc2 - Request is sync
DEBUG: 2021/05/17 18:54:22.209318 copy_file.go:21: Request 0a0a0b1f-8ccf-483f-ae8a-976e26ff3fc2 - Starting copy.
DEBUG: 2021/05/17 18:54:22.209318 copy_file.go:22: Request 0a0a0b1f-8ccf-483f-ae8a-976e26ff3fc2 - FileIn: 
DEBUG: 2021/05/17 18:54:22.209318 copy_file.go:23: Request 0a0a0b1f-8ccf-483f-ae8a-976e26ff3fc2 - FileOut: 
DEBUG: 2021/05/17 18:54:22.209318 copy_file.go:24: Request 0a0a0b1f-8ccf-483f-ae8a-976e26ff3fc2 - Overwrite: false
ERROR: 2021/05/17 18:54:22.209832 copy_file.go:71: While processing copy on Request 0a0a0b1f-8ccf-483f-ae8a-976e26ff3fc2: open : O sistema não pode encontrar o arquivo especificado.
DEBUG: 2021/05/17 18:54:22.209832 copy_file.go:180: Request 0a0a0b1f-8ccf-483f-ae8a-976e26ff3fc2 - Copy process response: {"message":"Operation failed: open : O sistema não pode encontrar o arquivo especificado.","data":{"body":{"file_in":"","file_out":"","overwrite":false},"bytesWritten":0}}
DEBUG: 2021/05/17 18:54:57.064131 decorators.go:13: [request] id: c7899f32-ac00-4d9e-9dba-7890d4c3bb53 - POST to /copy from (referer not sent)
DEBUG: 2021/05/17 18:54:57.067425 decorators.go:47: Request c7899f32-ac00-4d9e-9dba-7890d4c3bb53 - Auth URL used for this request: http://localhost:7000
DEBUG: 2021/05/17 18:54:57.079465 decorators.go:65: Request c7899f32-ac00-4d9e-9dba-7890d4c3bb53 - Authorized by http://localhost:7000 with token [logtokens disabled]. Processing request.
DEBUG: 2021/05/17 18:54:57.079935 copy_file.go:155: Request c7899f32-ac00-4d9e-9dba-7890d4c3bb53 - Starting copy process handling
DEBUG: 2021/05/17 18:54:57.080002 copy_file.go:156: Request c7899f32-ac00-4d9e-9dba-7890d4c3bb53 - Request body: {"file_in": "C:\\Users\\alango\\Documents\\videos\\B084C003_210125I4S02.MXF", "file_out": "C:\\Users\\alango\\Documents\\videos_dest\\B084C003_210125I4S02.MXF", "overwrite": true}
DEBUG: 2021/05/17 18:54:57.080002 verifiers.go:26: Request c7899f32-ac00-4d9e-9dba-7890d4c3bb53 - Request is sync
DEBUG: 2021/05/17 18:54:57.080002 copy_file.go:21: Request c7899f32-ac00-4d9e-9dba-7890d4c3bb53 - Starting copy.
DEBUG: 2021/05/17 18:54:57.080164 copy_file.go:22: Request c7899f32-ac00-4d9e-9dba-7890d4c3bb53 - FileIn: C:\Users\alango\Documents\videos\B084C003_210125I4S02.MXF
DEBUG: 2021/05/17 18:54:57.080174 copy_file.go:23: Request c7899f32-ac00-4d9e-9dba-7890d4c3bb53 - FileOut: C:\Users\alango\Documents\videos_dest\B084C003_210125I4S02.MXF
DEBUG: 2021/05/17 18:54:57.080210 copy_file.go:24: Request c7899f32-ac00-4d9e-9dba-7890d4c3bb53 - Overwrite: true
DEBUG: 2021/05/17 18:54:57.396838 copy_file.go:51: Request c7899f32-ac00-4d9e-9dba-7890d4c3bb53 - File C:\Users\alango\Documents\videos\B084C003_210125I4S02.MXF copied to C:\Users\alango\Documents\videos_dest\B084C003_210125I4S02.MXF successfully
DEBUG: 2021/05/17 18:54:57.410341 copy_file.go:180: Request c7899f32-ac00-4d9e-9dba-7890d4c3bb53 - Copy process response: {"message":"File copied successfully","data":{"body":{"file_in":"C:\\Users\\alango\\Documents\\videos\\B084C003_210125I4S02.MXF","file_out":"C:\\Users\\alango\\Documents\\videos_dest\\B084C003_210125I4S02.MXF","overwrite":true},"bytesWritten":73800252}}
DEBUG: 2021/05/17 18:55:04.531322 decorators.go:13: [request] id: 3b6bea93-ed78-4789-a0d9-197cc1da58e4 - POST to /copy from (referer not sent)
DEBUG: 2021/05/17 18:55:04.556272 decorators.go:47: Request 3b6bea93-ed78-4789-a0d9-197cc1da58e4 - Auth URL used for this request: http://localhost:7000
DEBUG: 2021/05/17 18:55:04.569694 decorators.go:65: Request 3b6bea93-ed78-4789-a0d9-197cc1da58e4 - Authorized by http://localhost:7000 with token [logtokens disabled]. Processing request.
DEBUG: 2021/05/17 18:55:04.569694 copy_file.go:155: Request 3b6bea93-ed78-4789-a0d9-197cc1da58e4 - Starting copy process handling
DEBUG: 2021/05/17 18:55:04.569694 copy_file.go:156: Request 3b6bea93-ed78-4789-a0d9-197cc1da58e4 - Request body: {"file_in""C:\\Users\\alango\\Documents\\videos\\B084C003_210125I4S02.MXF", "file_out": "C:\\Users\\alango\\Documents\\videos_dest\\B084C003_210125I4S02.MXF", "overwrite": true}
ERROR: 2021/05/17 18:55:04.569694 copy_file.go:160: Request 3b6bea93-ed78-4789-a0d9-197cc1da58e4 - Fhaas received a malformed request: invalid character '"' after object key
DEBUG: 2021/05/17 18:55:04.569694 verifiers.go:26: Request 3b6bea93-ed78-4789-a0d9-197cc1da58e4 - Request is sync
DEBUG: 2021/05/17 18:55:04.569694 copy_file.go:21: Request 3b6bea93-ed78-4789-a0d9-197cc1da58e4 - Starting copy.
DEBUG: 2021/05/17 18:55:04.569694 copy_file.go:22: Request 3b6bea93-ed78-4789-a0d9-197cc1da58e4 - FileIn: 
DEBUG: 2021/05/17 18:55:04.569694 copy_file.go:23: Request 3b6bea93-ed78-4789-a0d9-197cc1da58e4 - FileOut: 
DEBUG: 2021/05/17 18:55:04.569694 copy_file.go:24: Request 3b6bea93-ed78-4789-a0d9-197cc1da58e4 - Overwrite: false
ERROR: 2021/05/17 18:55:04.570284 copy_file.go:71: While processing copy on Request 3b6bea93-ed78-4789-a0d9-197cc1da58e4: open : O sistema não pode encontrar o arquivo especificado.
DEBUG: 2021/05/17 18:55:04.570284 copy_file.go:180: Request 3b6bea93-ed78-4789-a0d9-197cc1da58e4 - Copy process response: {"message":"Operation failed: open : O sistema não pode encontrar o arquivo especificado.","data":{"body":{"file_in":"","file_out":"","overwrite":false},"bytesWritten":0}}
DEBUG: 2021/05/17 19:35:06.343119 helpers.go:39: Ctrl+C pressed in Terminal
DEBUG: 2021/05/17 19:35:06.344076 helpers.go:40: Stopping FhaaS
DEBUG: 2021/05/17 19:35:48.949794 main.go:62: Starting FhaaS
WARN: 2021/05/17 19:35:48.950330 set_flags.go:22: Flag authurl not set. Application will use FHAAS_AUTH_URL environment variable (will be checked in every request). If not set, will use X-Fhaas-Auth-Url header of request. This may be potentially dangerous since any url able to authorize operation can be used
DEBUG: 2021/05/17 19:35:48.950330 set_flags.go:40: logtokens is set to false.
DEBUG: 2021/05/17 20:00:11.370187 helpers.go:39: Ctrl+C pressed in Terminal
DEBUG: 2021/05/17 20:00:11.371479 helpers.go:40: Stopping FhaaS
DEBUG: 2021/05/17 20:00:18.677230 main.go:62: Starting FhaaS
WARN: 2021/05/17 20:00:18.677230 set_flags.go:22: Flag authurl not set. Application will use FHAAS_AUTH_URL environment variable (will be checked in every request). If not set, will use X-Fhaas-Auth-Url header of request. This may be potentially dangerous since any url able to authorize operation can be used
DEBUG: 2021/05/17 20:00:18.677230 set_flags.go:40: logtokens is set to false.
DEBUG: 2021/05/17 20:00:35.244041 decorators.go:13: [request] id: 09ba568c-c1a6-4574-90ce-67de7cbaa9e9 - POST to /copy from (referer not sent)
DEBUG: 2021/05/17 20:00:35.245765 decorators.go:47: Request 09ba568c-c1a6-4574-90ce-67de7cbaa9e9 - Auth URL used for this request: http://localhost:7000
DEBUG: 2021/05/17 20:00:35.269767 decorators.go:65: Request 09ba568c-c1a6-4574-90ce-67de7cbaa9e9 - Authorized by http://localhost:7000 with token [logtokens disabled]. Processing request.
DEBUG: 2021/05/17 20:00:35.270127 copy_file.go:155: Request 09ba568c-c1a6-4574-90ce-67de7cbaa9e9 - Starting copy process handling
DEBUG: 2021/05/17 20:00:35.270127 copy_file.go:156: Request 09ba568c-c1a6-4574-90ce-67de7cbaa9e9 - Request body: {"file_in":     "C:\\Users\\alango\\Documents\\videos\\B084C003_210125I4S02.MXF", "file_out": "C:\\Users\\alango\\Documents\\videos_dest\\B084C003_210125I4S02.MXF", "overwrite": true}
DEBUG: 2021/05/17 20:00:35.271487 verifiers.go:26: Request 09ba568c-c1a6-4574-90ce-67de7cbaa9e9 - Request is sync
DEBUG: 2021/05/17 20:00:35.272249 copy_file.go:21: Request 09ba568c-c1a6-4574-90ce-67de7cbaa9e9 - Starting copy.
DEBUG: 2021/05/17 20:00:35.272249 copy_file.go:22: Request 09ba568c-c1a6-4574-90ce-67de7cbaa9e9 - FileIn: C:\Users\alango\Documents\videos\B084C003_210125I4S02.MXF
DEBUG: 2021/05/17 20:00:35.272320 copy_file.go:23: Request 09ba568c-c1a6-4574-90ce-67de7cbaa9e9 - FileOut: C:\Users\alango\Documents\videos_dest\B084C003_210125I4S02.MXF
DEBUG: 2021/05/17 20:00:35.272367 copy_file.go:24: Request 09ba568c-c1a6-4574-90ce-67de7cbaa9e9 - Overwrite: true
DEBUG: 2021/05/17 20:00:35.388019 copy_file.go:51: Request 09ba568c-c1a6-4574-90ce-67de7cbaa9e9 - File C:\Users\alango\Documents\videos\B084C003_210125I4S02.MXF copied to C:\Users\alango\Documents\videos_dest\B084C003_210125I4S02.MXF successfully
DEBUG: 2021/05/17 20:00:35.397919 copy_file.go:182: Request 09ba568c-c1a6-4574-90ce-67de7cbaa9e9 - Copy process response: {"message":"File copied successfully","data":{"body":{"file_in":"C:\\Users\\alango\\Documents\\videos\\B084C003_210125I4S02.MXF","file_out":"C:\\Users\\alango\\Documents\\videos_dest\\B084C003_210125I4S02.MXF","overwrite":true},"bytesWritten":73800252}}
DEBUG: 2021/05/17 20:00:53.835935 decorators.go:13: [request] id: 8ee1dd4a-903d-4264-bfdc-efcb81c9b00e - POST to /copy from (referer not sent)
DEBUG: 2021/05/17 20:00:53.837311 decorators.go:47: Request 8ee1dd4a-903d-4264-bfdc-efcb81c9b00e - Auth URL used for this request: http://localhost:7000
DEBUG: 2021/05/17 20:00:53.842341 decorators.go:65: Request 8ee1dd4a-903d-4264-bfdc-efcb81c9b00e - Authorized by http://localhost:7000 with token [logtokens disabled]. Processing request.
DEBUG: 2021/05/17 20:00:53.842341 copy_file.go:155: Request 8ee1dd4a-903d-4264-bfdc-efcb81c9b00e - Starting copy process handling
DEBUG: 2021/05/17 20:00:53.842341 copy_file.go:156: Request 8ee1dd4a-903d-4264-bfdc-efcb81c9b00e - Request body: {"file_in""C:\\Users\\alango\\Documents\\videos\\B084C003_210125I4S02.MXF", "file_out": "C:\\Users\\alango\\Documents\\videos_dest\\B084C003_210125I4S02.MXF", "overwrite": true}
ERROR: 2021/05/17 20:00:53.842851 copy_file.go:160: Request 8ee1dd4a-903d-4264-bfdc-efcb81c9b00e - Fhaas received a malformed request: invalid character '"' after object key
DEBUG: 2021/05/17 20:00:53.843010 copy_file.go:182: Request 8ee1dd4a-903d-4264-bfdc-efcb81c9b00e - Copy process response: {"message":"Fhaas received a malformed request","data":{"body":"{\"file_in\"\"C:\\\\Users\\\\alango\\\\Documents\\\\videos\\\\B084C003_210125I4S02.MXF\", \"file_out\": \"C:\\\\Users\\\\alango\\\\Documents\\\\videos_dest\\\\B084C003_210125I4S02.MXF\", \"overwrite\": true}"}}
DEBUG: 2021/05/17 20:02:11.874880 decorators.go:13: [request] id: 85aa0f85-d7c0-4ea9-bf87-7d663b341fa6 - POST to /copy from (referer not sent)
DEBUG: 2021/05/17 20:02:11.880075 decorators.go:47: Request 85aa0f85-d7c0-4ea9-bf87-7d663b341fa6 - Auth URL used for this request: http://localhost:7000
DEBUG: 2021/05/17 20:02:11.885357 decorators.go:65: Request 85aa0f85-d7c0-4ea9-bf87-7d663b341fa6 - Authorized by http://localhost:7000 with token [logtokens disabled]. Processing request.
DEBUG: 2021/05/17 20:02:11.885357 copy_file.go:155: Request 85aa0f85-d7c0-4ea9-bf87-7d663b341fa6 - Starting copy process handling
DEBUG: 2021/05/17 20:02:11.885357 copy_file.go:156: Request 85aa0f85-d7c0-4ea9-bf87-7d663b341fa6 - Request body: [{"file_in": "C:\\Users\\alango\\Documents\\videos\\B084C003_210125I4S02.MXF", "file_out": "C:\\Users\\alango\\Documents\\videos_dest\\B084C003_210125I4S02.MXF", "overwrite": true}, {"file_in": "C:\\Users\\alango\\Documents\\videos\\B084C005_210125D4S02.MXF", "file_out": "C:\\Users\\alango\\Documents\\videos_dest\\topzeira.mxf", "overwrite": true}]
ERROR: 2021/05/17 20:02:11.885767 copy_file.go:160: Request 85aa0f85-d7c0-4ea9-bf87-7d663b341fa6 - Fhaas received a malformed request: json: cannot unmarshal array into Go value of type main.FileCopyBody
DEBUG: 2021/05/17 20:02:11.885767 copy_file.go:182: Request 85aa0f85-d7c0-4ea9-bf87-7d663b341fa6 - Copy process response: {"message":"Fhaas received a malformed request","data":{"body":"[{\"file_in\": \"C:\\\\Users\\\\alango\\\\Documents\\\\videos\\\\B084C003_210125I4S02.MXF\", \"file_out\": \"C:\\\\Users\\\\alango\\\\Documents\\\\videos_dest\\\\B084C003_210125I4S02.MXF\", \"overwrite\": true}, {\"file_in\": \"C:\\\\Users\\\\alango\\\\Documents\\\\videos\\\\B084C005_210125D4S02.MXF\", \"file_out\": \"C:\\\\Users\\\\alango\\\\Documents\\\\videos_dest\\\\topzeira.mxf\", \"overwrite\": true}]"}}
DEBUG: 2021/05/17 20:02:43.874041 decorators.go:13: [request] id: fc924728-9218-4650-b202-adb577796a6f - POST to /copy from (referer not sent)
DEBUG: 2021/05/17 20:02:43.875794 decorators.go:47: Request fc924728-9218-4650-b202-adb577796a6f - Auth URL used for this request: http://localhost:7000
DEBUG: 2021/05/17 20:02:43.881506 decorators.go:65: Request fc924728-9218-4650-b202-adb577796a6f - Authorized by http://localhost:7000 with token [logtokens disabled]. Processing request.
DEBUG: 2021/05/17 20:02:43.881506 copy_file.go:155: Request fc924728-9218-4650-b202-adb577796a6f - Starting copy process handling
DEBUG: 2021/05/17 20:02:43.881506 copy_file.go:156: Request fc924728-9218-4650-b202-adb577796a6f - Request body: [{"file_in": "C:\\Users\\alango\\Documents\\videos\\B084C003_210125I4S02.MXF", "file_out": "C:\\Users\\alango\\Documents\\videos_dest\\B084C003_210125I4S02.MXF", "overwrite": true}, {"file_in": "C:\\Users\\alango\\Documents\\videos\\B084C005_210125D4S02.MXF", "file_out": "C:\\Users\\alango\\Documents\\videos_dest\\topzeira.mxf", "overwrite": true}]
ERROR: 2021/05/17 20:02:43.881506 copy_file.go:160: Request fc924728-9218-4650-b202-adb577796a6f - Fhaas received a malformed request: json: cannot unmarshal array into Go value of type main.FileCopyBody
DEBUG: 2021/05/17 20:02:43.882038 copy_file.go:182: Request fc924728-9218-4650-b202-adb577796a6f - Copy process response: {"message":"Fhaas received a malformed request","data":{"body":"[{\"file_in\": \"C:\\\\Users\\\\alango\\\\Documents\\\\videos\\\\B084C003_210125I4S02.MXF\", \"file_out\": \"C:\\\\Users\\\\alango\\\\Documents\\\\videos_dest\\\\B084C003_210125I4S02.MXF\", \"overwrite\": true}, {\"file_in\": \"C:\\\\Users\\\\alango\\\\Documents\\\\videos\\\\B084C005_210125D4S02.MXF\", \"file_out\": \"C:\\\\Users\\\\alango\\\\Documents\\\\videos_dest\\\\topzeira.mxf\", \"overwrite\": true}]"}}
DEBUG: 2021/05/17 20:14:53.731625 helpers.go:53: Ctrl+C pressed in Terminal
DEBUG: 2021/05/17 20:14:53.731625 helpers.go:54: Stopping FhaaS
