DEBUG: 2021/05/14 19:03:04.523418 main.go:62: Starting FhaaS
WARN: 2021/05/14 19:03:04.523939 set_flags.go:22: Flag authurl not set. Application will use FHAAS_AUTH_URL environment variable (will be checked in every request). If not set, will use X-Fhaas-Auth-Url header of request. This may be potentially dangerous since any url able to authorize operation can be used
DEBUG: 2021/05/14 19:03:04.523939 set_flags.go:40: logtokens is set to false.
DEBUG: 2021/05/14 19:05:37.578298 helpers.go:39: Ctrl+C pressed in Terminal
DEBUG: 2021/05/14 19:05:37.578298 helpers.go:40: Stopping FhaaS
DEBUG: 2021/05/14 19:06:40.746954 main.go:62: Starting FhaaS
DEBUG: 2021/05/14 19:06:40.748115 set_flags.go:24: Using http://localhost:7000 as url for authorization.
DEBUG: 2021/05/14 19:06:40.748115 set_flags.go:40: logtokens is set to false.
DEBUG: 2021/05/14 19:07:06.680035 decorators.go:13: [request] id: 76ba7260-26b3-4a50-b190-5229fd2bd7bb - POST to /copy from (referer not sent)
DEBUG: 2021/05/14 19:07:06.699709 decorators.go:47: Request 76ba7260-26b3-4a50-b190-5229fd2bd7bb - Auth URL used for this request: http://localhost:7000
WARN: 2021/05/14 19:07:06.746529 decorators.go:57: Request 76ba7260-26b3-4a50-b190-5229fd2bd7bb - FhaaS received a request that was not authorized. It may be a token/url mistake but also may have came from an undesired/malicious requester. We suggest you to check your FhaaS network entrypoints
ERROR: 2021/05/14 19:07:06.746529 decorators.go:58: Request 76ba7260-26b3-4a50-b190-5229fd2bd7bb - This request was not authorized by endpoint http://localhost:7000
DEBUG: 2021/05/14 19:07:06.746529 decorators.go:59: Request 76ba7260-26b3-4a50-b190-5229fd2bd7bb - Authorization response: {"message": "non-authorized"}
DEBUG: 2021/05/14 19:07:06.746529 decorators.go:60: Request 76ba7260-26b3-4a50-b190-5229fd2bd7bb - Authorization response code: 401
DEBUG: 2021/05/14 19:07:06.746529 decorators.go:61: Request 76ba7260-26b3-4a50-b190-5229fd2bd7bb - Authorization token used: [logtokens disabled]
DEBUG: 2021/05/14 19:07:21.985811 decorators.go:13: [request] id: 0e469eff-58bc-46b8-b94e-66d8ee094c85 - POST to /copy from (referer not sent)
DEBUG: 2021/05/14 19:07:21.990435 decorators.go:47: Request 0e469eff-58bc-46b8-b94e-66d8ee094c85 - Auth URL used for this request: http://localhost:7000
DEBUG: 2021/05/14 19:07:22.011576 decorators.go:65: Request 0e469eff-58bc-46b8-b94e-66d8ee094c85 - Authorized by http://localhost:7000 with token [logtokens disabled]. Processing request.
DEBUG: 2021/05/14 19:07:22.011576 copy_file.go:154: Request 0e469eff-58bc-46b8-b94e-66d8ee094c85 - Starting copy process handling
DEBUG: 2021/05/14 19:07:22.011576 copy_file.go:155: Request 0e469eff-58bc-46b8-b94e-66d8ee094c85 - Request body: 
{"file_in": "C:\\Users\\alango\\Documents\\videos\\B084C001_2101258HS02.MXF", "file_out": "C:\\Users\\alango\\Documents\\videos_dest\\B084C001_2101258HS02.MXF", "overwrite": true}
DEBUG: 2021/05/14 19:07:22.011576 verifiers.go:26: Request 0e469eff-58bc-46b8-b94e-66d8ee094c85 - Request is sync
DEBUG: 2021/05/14 19:07:22.011576 copy_file.go:21: Request 0e469eff-58bc-46b8-b94e-66d8ee094c85 - Starting copy.
DEBUG: 2021/05/14 19:07:22.011576 copy_file.go:22: Request 0e469eff-58bc-46b8-b94e-66d8ee094c85 - FileIn: C:\Users\alango\Documents\videos\B084C001_2101258HS02.MXF
DEBUG: 2021/05/14 19:07:22.011576 copy_file.go:23: Request 0e469eff-58bc-46b8-b94e-66d8ee094c85 - FileOut: C:\Users\alango\Documents\videos_dest\B084C001_2101258HS02.MXF
DEBUG: 2021/05/14 19:07:22.011576 copy_file.go:24: Request 0e469eff-58bc-46b8-b94e-66d8ee094c85 - Overwrite: true
DEBUG: 2021/05/14 19:07:22.182115 copy_file.go:51: Request 0e469eff-58bc-46b8-b94e-66d8ee094c85 - File C:\Users\alango\Documents\videos\B084C001_2101258HS02.MXF copied to C:\Users\alango\Documents\videos_dest\B084C001_2101258HS02.MXF successfully
DEBUG: 2021/05/14 19:07:22.208642 copy_file.go:176: Request 0e469eff-58bc-46b8-b94e-66d8ee094c85 - Copy process response: {"message":"File copied successfully","data":{"body":{"file_in":"C:\\Users\\alango\\Documents\\videos\\B084C001_2101258HS02.MXF","file_out":"C:\\Users\\alango\\Documents\\videos_dest\\B084C001_2101258HS02.MXF","overwrite":true},"bytesWritten":56117820}}
DEBUG: 2021/05/14 19:07:53.131335 decorators.go:13: [request] id: 52defd33-52a2-43e2-8b15-f1c0ff24ce02 - POST to /copy from (referer not sent)
DEBUG: 2021/05/14 19:07:53.134415 decorators.go:47: Request 52defd33-52a2-43e2-8b15-f1c0ff24ce02 - Auth URL used for this request: http://localhost:7000
DEBUG: 2021/05/14 19:07:53.171749 decorators.go:65: Request 52defd33-52a2-43e2-8b15-f1c0ff24ce02 - Authorized by http://localhost:7000 with token [logtokens disabled]. Processing request.
DEBUG: 2021/05/14 19:07:53.171749 copy_file.go:154: Request 52defd33-52a2-43e2-8b15-f1c0ff24ce02 - Starting copy process handling
DEBUG: 2021/05/14 19:07:53.171749 copy_file.go:155: Request 52defd33-52a2-43e2-8b15-f1c0ff24ce02 - Request body: 
{"file_in": "C:\\Users\\alango\\Documents\\videos\\B084C001_2101258HS02.MXF", "file_out": "C:\\Users\\alango\\Documents\\videos_dest\\B084C001_2101258HS02.MXF", "overwrite": true}
DEBUG: 2021/05/14 19:07:53.171749 verifiers.go:26: Request 52defd33-52a2-43e2-8b15-f1c0ff24ce02 - Request is sync
DEBUG: 2021/05/14 19:07:53.171749 copy_file.go:21: Request 52defd33-52a2-43e2-8b15-f1c0ff24ce02 - Starting copy.
DEBUG: 2021/05/14 19:07:53.171749 copy_file.go:22: Request 52defd33-52a2-43e2-8b15-f1c0ff24ce02 - FileIn: C:\Users\alango\Documents\videos\B084C001_2101258HS02.MXF
DEBUG: 2021/05/14 19:07:53.172755 copy_file.go:23: Request 52defd33-52a2-43e2-8b15-f1c0ff24ce02 - FileOut: C:\Users\alango\Documents\videos_dest\B084C001_2101258HS02.MXF
DEBUG: 2021/05/14 19:07:53.172755 copy_file.go:24: Request 52defd33-52a2-43e2-8b15-f1c0ff24ce02 - Overwrite: true
DEBUG: 2021/05/14 19:07:53.280731 copy_file.go:51: Request 52defd33-52a2-43e2-8b15-f1c0ff24ce02 - File C:\Users\alango\Documents\videos\B084C001_2101258HS02.MXF copied to C:\Users\alango\Documents\videos_dest\B084C001_2101258HS02.MXF successfully
DEBUG: 2021/05/14 19:07:53.290130 copy_file.go:176: Request 52defd33-52a2-43e2-8b15-f1c0ff24ce02 - Copy process response: {"message":"File copied successfully","data":{"body":{"file_in":"C:\\Users\\alango\\Documents\\videos\\B084C001_2101258HS02.MXF","file_out":"C:\\Users\\alango\\Documents\\videos_dest\\B084C001_2101258HS02.MXF","overwrite":true},"bytesWritten":56117820}}
DEBUG: 2021/05/14 19:21:26.969129 decorators.go:13: [request] id: 7b1741ad-cf48-40fc-ae72-a5d95a30186f - POST to /copy from (referer not sent)
DEBUG: 2021/05/14 19:21:26.971442 decorators.go:47: Request 7b1741ad-cf48-40fc-ae72-a5d95a30186f - Auth URL used for this request: http://localhost:7000
DEBUG: 2021/05/14 19:21:26.981762 decorators.go:65: Request 7b1741ad-cf48-40fc-ae72-a5d95a30186f - Authorized by http://localhost:7000 with token [logtokens disabled]. Processing request.
DEBUG: 2021/05/14 19:21:26.981762 copy_file.go:154: Request 7b1741ad-cf48-40fc-ae72-a5d95a30186f - Starting copy process handling
DEBUG: 2021/05/14 19:21:26.981762 copy_file.go:155: Request 7b1741ad-cf48-40fc-ae72-a5d95a30186f - Request body: {"file_in": "C:\\Users\\alango\\Documents\\videos\\B084C001_2101258HS02.MXF", "file_out": "C:\\Users\\alango\\Documents\\videos_dest\\B084C001_2101258HS02.MXF", "overwrite": true}
DEBUG: 2021/05/14 19:21:26.981762 verifiers.go:29: Request 7b1741ad-cf48-40fc-ae72-a5d95a30186f - Request is async
DEBUG: 2021/05/14 19:21:26.981762 copy_file.go:163: Request 7b1741ad-cf48-40fc-ae72-a5d95a30186f - Status will be sent to http://localhost:7000/status
DEBUG: 2021/05/14 19:21:26.982290 copy_file.go:176: Request 7b1741ad-cf48-40fc-ae72-a5d95a30186f - Copy process response: {"message":"Copy process started","data":{"body":{"file_in":"C:\\Users\\alango\\Documents\\videos\\B084C001_2101258HS02.MXF","file_out":"C:\\Users\\alango\\Documents\\videos_dest\\B084C001_2101258HS02.MXF","overwrite":true}}}
DEBUG: 2021/05/14 19:21:26.982290 copy_file.go:21: Request 7b1741ad-cf48-40fc-ae72-a5d95a30186f - Starting copy.
DEBUG: 2021/05/14 19:21:26.982290 copy_file.go:22: Request 7b1741ad-cf48-40fc-ae72-a5d95a30186f - FileIn: C:\Users\alango\Documents\videos\B084C001_2101258HS02.MXF
DEBUG: 2021/05/14 19:21:26.982290 copy_file.go:23: Request 7b1741ad-cf48-40fc-ae72-a5d95a30186f - FileOut: C:\Users\alango\Documents\videos_dest\B084C001_2101258HS02.MXF
DEBUG: 2021/05/14 19:21:26.982290 copy_file.go:24: Request 7b1741ad-cf48-40fc-ae72-a5d95a30186f - Overwrite: true
DEBUG: 2021/05/14 19:21:27.122585 copy_file.go:51: Request 7b1741ad-cf48-40fc-ae72-a5d95a30186f - File C:\Users\alango\Documents\videos\B084C001_2101258HS02.MXF copied to C:\Users\alango\Documents\videos_dest\B084C001_2101258HS02.MXF successfully
DEBUG: 2021/05/14 19:21:27.135449 copy_file.go:111: Request 7b1741ad-cf48-40fc-ae72-a5d95a30186f - Sending status to http://localhost:7000/status
DEBUG: 2021/05/14 19:21:27.148985 copy_file.go:129: Request 7b1741ad-cf48-40fc-ae72-a5d95a30186f - Status endpoint returned with: {"message": "valeu", "data": "{"message":"File copied successfully","data":{"body":{"file_in":"C:\\Users\\alango\\Documents\\videos\\B084C001_2101258HS02.MXF","file_out":"C:\\Users\\alango\\Documents\\videos_dest\\B084C001_2101258HS02.MXF","overwrite":true},"bytesWritten":56117820,"status":201}}"}
DEBUG: 2021/05/14 19:22:09.268108 helpers.go:39: Ctrl+C pressed in Terminal
DEBUG: 2021/05/14 19:22:09.268108 helpers.go:40: Stopping FhaaS
DEBUG: 2021/05/14 19:24:31.693895 main.go:62: Starting FhaaS
DEBUG: 2021/05/14 19:24:31.694445 set_flags.go:24: Using http://localhost:7000 as url for authorization.
DEBUG: 2021/05/14 19:24:31.694445 set_flags.go:40: logtokens is set to false.
DEBUG: 2021/05/14 19:24:32.415454 decorators.go:13: [request] id: b88a95c6-16d6-4215-b64e-faa42137ebf0 - POST to /copy from (referer not sent)
DEBUG: 2021/05/14 19:24:32.418376 decorators.go:47: Request b88a95c6-16d6-4215-b64e-faa42137ebf0 - Auth URL used for this request: http://localhost:7000
DEBUG: 2021/05/14 19:24:32.446653 decorators.go:65: Request b88a95c6-16d6-4215-b64e-faa42137ebf0 - Authorized by http://localhost:7000 with token [logtokens disabled]. Processing request.
DEBUG: 2021/05/14 19:24:32.447654 copy_file.go:154: Request b88a95c6-16d6-4215-b64e-faa42137ebf0 - Starting copy process handling
DEBUG: 2021/05/14 19:24:32.447654 copy_file.go:155: Request b88a95c6-16d6-4215-b64e-faa42137ebf0 - Request body: {"file_in": "C:\\Users\\alango\\Documents\\videos\\B084C001_2101258HS02.MXF", "file_out": "C:\\Users\\alango\\Documents\\videos_dest\\B084C001_2101258HS02.MXF", "overwrite": false}
DEBUG: 2021/05/14 19:24:32.447654 verifiers.go:26: Request b88a95c6-16d6-4215-b64e-faa42137ebf0 - Request is sync
DEBUG: 2021/05/14 19:24:32.447654 copy_file.go:21: Request b88a95c6-16d6-4215-b64e-faa42137ebf0 - Starting copy.
DEBUG: 2021/05/14 19:24:32.447654 copy_file.go:22: Request b88a95c6-16d6-4215-b64e-faa42137ebf0 - FileIn: C:\Users\alango\Documents\videos\B084C001_2101258HS02.MXF
DEBUG: 2021/05/14 19:24:32.447654 copy_file.go:23: Request b88a95c6-16d6-4215-b64e-faa42137ebf0 - FileOut: C:\Users\alango\Documents\videos_dest\B084C001_2101258HS02.MXF
DEBUG: 2021/05/14 19:24:32.447654 copy_file.go:24: Request b88a95c6-16d6-4215-b64e-faa42137ebf0 - Overwrite: false
DEBUG: 2021/05/14 19:24:32.447654 copy_file.go:54: Request b88a95c6-16d6-4215-b64e-faa42137ebf0 - Destination file "C:\Users\alango\Documents\videos_dest\B084C001_2101258HS02.MXF" exists. No operations done
DEBUG: 2021/05/14 19:24:32.448653 copy_file.go:176: Request b88a95c6-16d6-4215-b64e-faa42137ebf0 - Copy process response: {"message":"File not copied due to already existing and overwrite was set to false","data":{"body":{"file_in":"C:\\Users\\alango\\Documents\\videos\\B084C001_2101258HS02.MXF","file_out":"C:\\Users\\alango\\Documents\\videos_dest\\B084C001_2101258HS02.MXF","overwrite":false},"bytesWritten":-1}}
DEBUG: 2021/05/14 19:25:56.784883 helpers.go:39: Ctrl+C pressed in Terminal
DEBUG: 2021/05/14 19:25:56.784883 helpers.go:40: Stopping FhaaS
DEBUG: 2021/05/14 19:42:59.770567 main.go:62: Starting FhaaS
DEBUG: 2021/05/14 19:42:59.771568 set_flags.go:24: Using http://localhost:7000 as url for authorization.
DEBUG: 2021/05/14 19:42:59.771568 set_flags.go:40: logtokens is set to false.
DEBUG: 2021/05/14 19:43:39.218796 decorators.go:13: [request] id: 9c3568e9-fb02-4472-ac55-3d9ef3351dd4 - PUT to /move from (referer not sent)
DEBUG: 2021/05/14 19:43:39.220809 decorators.go:47: Request 9c3568e9-fb02-4472-ac55-3d9ef3351dd4 - Auth URL used for this request: http://localhost:7000
DEBUG: 2021/05/14 19:43:39.243656 decorators.go:65: Request 9c3568e9-fb02-4472-ac55-3d9ef3351dd4 - Authorized by http://localhost:7000 with token [logtokens disabled]. Processing request.
DEBUG: 2021/05/14 19:43:39.243656 move_file.go:159: Request 9c3568e9-fb02-4472-ac55-3d9ef3351dd4 - Starting move process handling
DEBUG: 2021/05/14 19:43:39.243656 move_file.go:160: Request 9c3568e9-fb02-4472-ac55-3d9ef3351dd4 - Request body: {"file_in": "C:\\Users\\alango\\Documents\\videos\\B084C001_2101258HS02.MXF", "file_out": "C:\\Users\\alango\\Documents\\videos_dest\\baholeros.MXF", "overwrite": true}
DEBUG: 2021/05/14 19:43:39.244303 verifiers.go:26: Request 9c3568e9-fb02-4472-ac55-3d9ef3351dd4 - Request is sync
DEBUG: 2021/05/14 19:43:39.244303 move_file.go:21: Request 9c3568e9-fb02-4472-ac55-3d9ef3351dd4 - Starting move.
DEBUG: 2021/05/14 19:43:39.244303 move_file.go:22: Request 9c3568e9-fb02-4472-ac55-3d9ef3351dd4 - FileIn: C:\Users\alango\Documents\videos\B084C001_2101258HS02.MXF
DEBUG: 2021/05/14 19:43:39.244303 move_file.go:23: Request 9c3568e9-fb02-4472-ac55-3d9ef3351dd4 - FileOut: C:\Users\alango\Documents\videos_dest\baholeros.MXF
DEBUG: 2021/05/14 19:43:39.244303 move_file.go:24: Request 9c3568e9-fb02-4472-ac55-3d9ef3351dd4 - Overwrite: true
DEBUG: 2021/05/14 19:43:39.336584 move_file.go:52: Request 9c3568e9-fb02-4472-ac55-3d9ef3351dd4 - File C:\Users\alango\Documents\videos\B084C001_2101258HS02.MXF moved to C:\Users\alango\Documents\videos_dest\baholeros.MXF successfully
ERROR: 2021/05/14 19:43:39.349684 move_file.go:76: While processing move on Request 9c3568e9-fb02-4472-ac55-3d9ef3351dd4: remove C:\Users\alango\Documents\videos\B084C001_2101258HS02.MXF: O arquivo já está sendo usado por outro processo.
DEBUG: 2021/05/14 19:43:39.350227 move_file.go:181: Request 9c3568e9-fb02-4472-ac55-3d9ef3351dd4 - Move process response: {"message":"Operation failed: remove C:\\Users\\alango\\Documents\\videos\\B084C001_2101258HS02.MXF: O arquivo já está sendo usado por outro processo.","data":{"body":{"file_in":"C:\\Users\\alango\\Documents\\videos\\B084C001_2101258HS02.MXF","file_out":"C:\\Users\\alango\\Documents\\videos_dest\\baholeros.MXF","overwrite":true},"bytesWritten":0}}
DEBUG: 2021/05/14 19:46:23.142236 helpers.go:39: Ctrl+C pressed in Terminal
DEBUG: 2021/05/14 19:46:23.142276 helpers.go:40: Stopping FhaaS
DEBUG: 2021/05/14 19:46:28.360300 main.go:62: Starting FhaaS
DEBUG: 2021/05/14 19:46:28.361302 set_flags.go:24: Using http://localhost:7000 as url for authorization.
DEBUG: 2021/05/14 19:46:28.361302 set_flags.go:40: logtokens is set to false.
DEBUG: 2021/05/14 19:46:31.767097 decorators.go:13: [request] id: c0800b81-16f2-457a-88c1-3949760bd464 - PUT to /move from (referer not sent)
DEBUG: 2021/05/14 19:46:31.770435 decorators.go:47: Request c0800b81-16f2-457a-88c1-3949760bd464 - Auth URL used for this request: http://localhost:7000
DEBUG: 2021/05/14 19:46:31.789184 decorators.go:65: Request c0800b81-16f2-457a-88c1-3949760bd464 - Authorized by http://localhost:7000 with token [logtokens disabled]. Processing request.
DEBUG: 2021/05/14 19:46:31.789184 move_file.go:160: Request c0800b81-16f2-457a-88c1-3949760bd464 - Starting move process handling
DEBUG: 2021/05/14 19:46:31.790182 move_file.go:161: Request c0800b81-16f2-457a-88c1-3949760bd464 - Request body: {"file_in": "C:\\Users\\alango\\Documents\\videos\\B084C001_2101258HS02.MXF", "file_out": "C:\\Users\\alango\\Documents\\videos_dest\\baholeros.MXF", "overwrite": true}
DEBUG: 2021/05/14 19:46:31.790182 verifiers.go:26: Request c0800b81-16f2-457a-88c1-3949760bd464 - Request is sync
DEBUG: 2021/05/14 19:46:31.790182 move_file.go:21: Request c0800b81-16f2-457a-88c1-3949760bd464 - Starting move.
DEBUG: 2021/05/14 19:46:31.790182 move_file.go:22: Request c0800b81-16f2-457a-88c1-3949760bd464 - FileIn: C:\Users\alango\Documents\videos\B084C001_2101258HS02.MXF
DEBUG: 2021/05/14 19:46:31.790182 move_file.go:23: Request c0800b81-16f2-457a-88c1-3949760bd464 - FileOut: C:\Users\alango\Documents\videos_dest\baholeros.MXF
DEBUG: 2021/05/14 19:46:31.790182 move_file.go:24: Request c0800b81-16f2-457a-88c1-3949760bd464 - Overwrite: true
DEBUG: 2021/05/14 19:46:31.879601 move_file.go:51: Request c0800b81-16f2-457a-88c1-3949760bd464 - File C:\Users\alango\Documents\videos\B084C001_2101258HS02.MXF moved to C:\Users\alango\Documents\videos_dest\baholeros.MXF successfully
DEBUG: 2021/05/14 19:46:31.886604 move_file.go:54: Request c0800b81-16f2-457a-88c1-3949760bd464 - Removing C:\Users\alango\Documents\videos\B084C001_2101258HS02.MXF source file
DEBUG: 2021/05/14 19:46:31.893600 move_file.go:182: Request c0800b81-16f2-457a-88c1-3949760bd464 - Move process response: {"message":"File copied successfully","data":{"body":{"file_in":"C:\\Users\\alango\\Documents\\videos\\B084C001_2101258HS02.MXF","file_out":"C:\\Users\\alango\\Documents\\videos_dest\\baholeros.MXF","overwrite":true},"bytesWritten":56117820}}
DEBUG: 2021/05/14 19:47:55.892131 decorators.go:13: [request] id: 4d290920-ce66-4218-aee0-771d914fa355 - PUT to /move from (referer not sent)
DEBUG: 2021/05/14 19:47:55.894010 decorators.go:47: Request 4d290920-ce66-4218-aee0-771d914fa355 - Auth URL used for this request: http://localhost:7000
DEBUG: 2021/05/14 19:47:55.900487 decorators.go:65: Request 4d290920-ce66-4218-aee0-771d914fa355 - Authorized by http://localhost:7000 with token [logtokens disabled]. Processing request.
DEBUG: 2021/05/14 19:47:55.901032 move_file.go:160: Request 4d290920-ce66-4218-aee0-771d914fa355 - Starting move process handling
DEBUG: 2021/05/14 19:47:55.901032 move_file.go:161: Request 4d290920-ce66-4218-aee0-771d914fa355 - Request body: {"file_in": "C:\\Users\\alango\\Documents\\videos\\baholeros.MXF", "file_out": "C:\\Users\\alango\\Documents\\videos_dest\\topzeira.mxf", "overwrite": true}
DEBUG: 2021/05/14 19:47:55.901032 verifiers.go:26: Request 4d290920-ce66-4218-aee0-771d914fa355 - Request is sync
DEBUG: 2021/05/14 19:47:55.901032 move_file.go:21: Request 4d290920-ce66-4218-aee0-771d914fa355 - Starting move.
DEBUG: 2021/05/14 19:47:55.901032 move_file.go:22: Request 4d290920-ce66-4218-aee0-771d914fa355 - FileIn: C:\Users\alango\Documents\videos\baholeros.MXF
DEBUG: 2021/05/14 19:47:55.901032 move_file.go:23: Request 4d290920-ce66-4218-aee0-771d914fa355 - FileOut: C:\Users\alango\Documents\videos_dest\topzeira.mxf
DEBUG: 2021/05/14 19:47:55.901032 move_file.go:24: Request 4d290920-ce66-4218-aee0-771d914fa355 - Overwrite: true
DEBUG: 2021/05/14 19:47:56.011209 move_file.go:51: Request 4d290920-ce66-4218-aee0-771d914fa355 - File C:\Users\alango\Documents\videos\baholeros.MXF moved to C:\Users\alango\Documents\videos_dest\topzeira.mxf successfully
DEBUG: 2021/05/14 19:47:56.016660 move_file.go:54: Request 4d290920-ce66-4218-aee0-771d914fa355 - Removing C:\Users\alango\Documents\videos\baholeros.MXF source file
DEBUG: 2021/05/14 19:47:56.023951 move_file.go:182: Request 4d290920-ce66-4218-aee0-771d914fa355 - Move process response: {"message":"File copied successfully","data":{"body":{"file_in":"C:\\Users\\alango\\Documents\\videos\\baholeros.MXF","file_out":"C:\\Users\\alango\\Documents\\videos_dest\\topzeira.mxf","overwrite":true},"bytesWritten":56117820}}
DEBUG: 2021/05/14 19:48:13.420060 helpers.go:39: Ctrl+C pressed in Terminal
DEBUG: 2021/05/14 19:48:13.420060 helpers.go:40: Stopping FhaaS
DEBUG: 2021/05/14 19:48:19.546819 main.go:62: Starting FhaaS
DEBUG: 2021/05/14 19:48:19.547817 set_flags.go:24: Using http://localhost:7000 as url for authorization.
DEBUG: 2021/05/14 19:48:19.547817 set_flags.go:40: logtokens is set to false.
DEBUG: 2021/05/14 19:49:05.204839 decorators.go:13: [request] id: 0490c24d-1a27-4865-8e16-65fa3f7551be - PUT to /move from (referer not sent)
DEBUG: 2021/05/14 19:49:05.206613 decorators.go:47: Request 0490c24d-1a27-4865-8e16-65fa3f7551be - Auth URL used for this request: http://localhost:7000
DEBUG: 2021/05/14 19:49:05.235667 decorators.go:65: Request 0490c24d-1a27-4865-8e16-65fa3f7551be - Authorized by http://localhost:7000 with token [logtokens disabled]. Processing request.
DEBUG: 2021/05/14 19:49:05.235667 move_file.go:160: Request 0490c24d-1a27-4865-8e16-65fa3f7551be - Starting move process handling
DEBUG: 2021/05/14 19:49:05.235667 move_file.go:161: Request 0490c24d-1a27-4865-8e16-65fa3f7551be - Request body: {"file_in": "C:\\Users\\alango\\Documents\\videos\\tpozeira.mxf", "file_out": "C:\\Users\\alango\\Documents\\videos_dest\\topzeira.mxf", "overwrite": true}
DEBUG: 2021/05/14 19:49:05.236498 verifiers.go:29: Request 0490c24d-1a27-4865-8e16-65fa3f7551be - Request is async
DEBUG: 2021/05/14 19:49:05.236498 move_file.go:169: Request 0490c24d-1a27-4865-8e16-65fa3f7551be - Status will be sent to http://localhost:7000/status
DEBUG: 2021/05/14 19:49:05.236498 move_file.go:21: Request 0490c24d-1a27-4865-8e16-65fa3f7551be - Starting move.
DEBUG: 2021/05/14 19:49:05.236498 move_file.go:22: Request 0490c24d-1a27-4865-8e16-65fa3f7551be - FileIn: C:\Users\alango\Documents\videos\tpozeira.mxf
DEBUG: 2021/05/14 19:49:05.236498 move_file.go:23: Request 0490c24d-1a27-4865-8e16-65fa3f7551be - FileOut: C:\Users\alango\Documents\videos_dest\topzeira.mxf
DEBUG: 2021/05/14 19:49:05.236498 move_file.go:24: Request 0490c24d-1a27-4865-8e16-65fa3f7551be - Overwrite: true
DEBUG: 2021/05/14 19:49:05.237029 move_file.go:182: Request 0490c24d-1a27-4865-8e16-65fa3f7551be - Move process response: {"message":"Move process started","data":{"body":{"file_in":"C:\\Users\\alango\\Documents\\videos\\tpozeira.mxf","file_out":"C:\\Users\\alango\\Documents\\videos_dest\\topzeira.mxf","overwrite":true}}}
ERROR: 2021/05/14 19:49:05.239030 move_file.go:98: Error while processing move on Request 0490c24d-1a27-4865-8e16-65fa3f7551be: open C:\Users\alango\Documents\videos\tpozeira.mxf: O sistema não pode encontrar o arquivo especificado.
DEBUG: 2021/05/14 19:49:05.239030 move_file.go:117: Request 0490c24d-1a27-4865-8e16-65fa3f7551be - Sending status to http://localhost:7000/status
DEBUG: 2021/05/14 19:49:05.248319 move_file.go:135: Request 0490c24d-1a27-4865-8e16-65fa3f7551be - Status endpoint returned with: {"message": "valeu", "data": "{"message":"Operation failed: open C:\\Users\\alango\\Documents\\videos\\tpozeira.mxf: O sistema não pode encontrar o arquivo especificado.","data":{"body":{"file_in":"C:\\Users\\alango\\Documents\\videos\\tpozeira.mxf","file_out":"C:\\Users\\alango\\Documents\\videos_dest\\topzeira.mxf","overwrite":true},"bytesWritten":0,"status":500}}"}
DEBUG: 2021/05/14 19:49:54.291983 decorators.go:13: [request] id: 0f384a41-8f49-4832-8012-7fc4a440a5ed - PUT to /move from (referer not sent)
DEBUG: 2021/05/14 19:49:54.293234 decorators.go:47: Request 0f384a41-8f49-4832-8012-7fc4a440a5ed - Auth URL used for this request: http://localhost:7000
DEBUG: 2021/05/14 19:49:54.298860 decorators.go:65: Request 0f384a41-8f49-4832-8012-7fc4a440a5ed - Authorized by http://localhost:7000 with token [logtokens disabled]. Processing request.
DEBUG: 2021/05/14 19:49:54.298860 move_file.go:160: Request 0f384a41-8f49-4832-8012-7fc4a440a5ed - Starting move process handling
DEBUG: 2021/05/14 19:49:54.298860 move_file.go:161: Request 0f384a41-8f49-4832-8012-7fc4a440a5ed - Request body: {"file_in": "C:\\Users\\alango\\Documents\\videos\\topzeira.mxf", "file_out": "C:\\Users\\alango\\Documents\\videos_dest\\topzeira.mxf", "overwrite": true}
DEBUG: 2021/05/14 19:49:54.298860 verifiers.go:29: Request 0f384a41-8f49-4832-8012-7fc4a440a5ed - Request is async
DEBUG: 2021/05/14 19:49:54.298860 move_file.go:169: Request 0f384a41-8f49-4832-8012-7fc4a440a5ed - Status will be sent to http://localhost:7000/status
DEBUG: 2021/05/14 19:49:54.298860 move_file.go:21: Request 0f384a41-8f49-4832-8012-7fc4a440a5ed - Starting move.
DEBUG: 2021/05/14 19:49:54.298860 move_file.go:22: Request 0f384a41-8f49-4832-8012-7fc4a440a5ed - FileIn: C:\Users\alango\Documents\videos\topzeira.mxf
DEBUG: 2021/05/14 19:49:54.298860 move_file.go:182: Request 0f384a41-8f49-4832-8012-7fc4a440a5ed - Move process response: {"message":"Move process started","data":{"body":{"file_in":"C:\\Users\\alango\\Documents\\videos\\topzeira.mxf","file_out":"C:\\Users\\alango\\Documents\\videos_dest\\topzeira.mxf","overwrite":true}}}
DEBUG: 2021/05/14 19:49:54.298860 move_file.go:23: Request 0f384a41-8f49-4832-8012-7fc4a440a5ed - FileOut: C:\Users\alango\Documents\videos_dest\topzeira.mxf
DEBUG: 2021/05/14 19:49:54.299409 move_file.go:24: Request 0f384a41-8f49-4832-8012-7fc4a440a5ed - Overwrite: true
DEBUG: 2021/05/14 19:49:54.429064 move_file.go:51: Request 0f384a41-8f49-4832-8012-7fc4a440a5ed - File C:\Users\alango\Documents\videos\topzeira.mxf moved to C:\Users\alango\Documents\videos_dest\topzeira.mxf successfully
DEBUG: 2021/05/14 19:49:54.445061 move_file.go:54: Request 0f384a41-8f49-4832-8012-7fc4a440a5ed - Removing C:\Users\alango\Documents\videos\topzeira.mxf source file
DEBUG: 2021/05/14 19:49:54.461060 move_file.go:117: Request 0f384a41-8f49-4832-8012-7fc4a440a5ed - Sending status to http://localhost:7000/status
DEBUG: 2021/05/14 19:49:54.467666 move_file.go:135: Request 0f384a41-8f49-4832-8012-7fc4a440a5ed - Status endpoint returned with: {"message": "valeu", "data": "{"message":"File moved successfully","data":{"body":{"file_in":"C:\\Users\\alango\\Documents\\videos\\topzeira.mxf","file_out":"C:\\Users\\alango\\Documents\\videos_dest\\topzeira.mxf","overwrite":true},"bytesWritten":56117820,"status":201}}"}
DEBUG: 2021/05/14 19:51:49.544073 helpers.go:39: Ctrl+C pressed in Terminal
DEBUG: 2021/05/14 19:51:49.544073 helpers.go:40: Stopping FhaaS
